0 info it worked if it ends with ok
1 verbose cli [ '/usr/bin/nodejs',
1 verbose cli   '/usr/bin/npm',
1 verbose cli   'install',
1 verbose cli   '@chilkat/ck-electron4-linux64' ]
2 info using npm@3.5.2
3 info using node@v4.2.6
4 silly loadCurrentTree Starting
5 silly install loadCurrentTree
6 silly install readLocalPackageData
7 silly fetchPackageMetaData @chilkat/ck-electron4-linux64
8 silly fetchNamedPackageData @chilkat/ck-electron4-linux64
9 silly mapToRegistry name @chilkat/ck-electron4-linux64
10 silly mapToRegistry scope (from package name) @chilkat
11 verbose mapToRegistry no registry URL found in name for scope @chilkat
12 silly mapToRegistry using default registry
13 silly mapToRegistry registry https://registry.npmjs.org/
14 silly mapToRegistry uri https://registry.npmjs.org/@chilkat%2fck-electron4-linux64
15 verbose request uri https://registry.npmjs.org/@chilkat%2fck-electron4-linux64
16 verbose request no auth needed
17 info attempt registry request try #1 at 10:13:16 AM
18 verbose request id 6f058d485533a6dd
19 http request GET https://registry.npmjs.org/@chilkat%2fck-electron4-linux64
20 http 200 https://registry.npmjs.org/@chilkat%2fck-electron4-linux64
21 verbose headers { date: 'Mon, 25 Mar 2019 03:13:17 GMT',
21 verbose headers   'content-type': 'application/json',
21 verbose headers   'transfer-encoding': 'chunked',
21 verbose headers   connection: 'keep-alive',
21 verbose headers   'set-cookie': [ '__cfduid=d3a8ec9307637b7c5e70ffd37bc39447c1553483596; expires=Tue, 24-Mar-20 03:13:16 GMT; path=/; domain=.registry.npmjs.org; HttpOnly' ],
21 verbose headers   'cf-cache-status': 'MISS',
21 verbose headers   'cache-control': 'public, max-age=300',
21 verbose headers   'cf-ray': '4bcdb53d1c0584b4-HKG',
21 verbose headers   etag: 'W/"b75d5615379b6865c22c013638970d44"',
21 verbose headers   'expect-ct': 'max-age=604800, report-uri="https://report-uri.cloudflare.com/cdn-cgi/beacon/expect-ct"',
21 verbose headers   'last-modified': 'Thu, 21 Mar 2019 18:17:35 GMT',
21 verbose headers   vary: 'Accept-Encoding',
21 verbose headers   'x-amz-meta-rev': '2-7fa0c3b3f8a99f1c0fe49932496bcf7e',
21 verbose headers   server: 'cloudflare',
21 verbose headers   'content-encoding': 'gzip' }
22 silly get cb [ 200,
22 silly get   { date: 'Mon, 25 Mar 2019 03:13:17 GMT',
22 silly get     'content-type': 'application/json',
22 silly get     'transfer-encoding': 'chunked',
22 silly get     connection: 'keep-alive',
22 silly get     'set-cookie': [ '__cfduid=d3a8ec9307637b7c5e70ffd37bc39447c1553483596; expires=Tue, 24-Mar-20 03:13:16 GMT; path=/; domain=.registry.npmjs.org; HttpOnly' ],
22 silly get     'cf-cache-status': 'MISS',
22 silly get     'cache-control': 'public, max-age=300',
22 silly get     'cf-ray': '4bcdb53d1c0584b4-HKG',
22 silly get     etag: 'W/"b75d5615379b6865c22c013638970d44"',
22 silly get     'expect-ct': 'max-age=604800, report-uri="https://report-uri.cloudflare.com/cdn-cgi/beacon/expect-ct"',
22 silly get     'last-modified': 'Thu, 21 Mar 2019 18:17:35 GMT',
22 silly get     vary: 'Accept-Encoding',
22 silly get     'x-amz-meta-rev': '2-7fa0c3b3f8a99f1c0fe49932496bcf7e',
22 silly get     server: 'cloudflare',
22 silly get     'content-encoding': 'gzip' } ]
23 verbose get saving @chilkat/ck-electron4-linux64 to /home/thachdi/.npm/registry.npmjs.org/_40chilkat_252fck-electron4-linux64/.cache.json
24 silly install normalizeTree
25 silly loadCurrentTree Finishing
26 silly loadIdealTree Starting
27 silly install loadIdealTree
28 silly cloneCurrentTree Starting
29 silly install cloneCurrentTreeToIdealTree
30 silly cloneCurrentTree Finishing
31 silly loadShrinkwrap Starting
32 silly install loadShrinkwrap
33 silly loadShrinkwrap Finishing
34 silly loadAllDepsIntoIdealTree Starting
35 silly install loadAllDepsIntoIdealTree
36 silly resolveWithNewModule @chilkat/ck-electron4-linux64@9.50.77 checking installable status
37 silly cache add args [ '@chilkat/ck-electron4-linux64', null ]
38 verbose cache add spec @chilkat/ck-electron4-linux64
39 silly cache add parsed spec Result {
39 silly cache add   raw: '@chilkat/ck-electron4-linux64',
39 silly cache add   scope: '@chilkat',
39 silly cache add   name: '@chilkat/ck-electron4-linux64',
39 silly cache add   rawSpec: '',
39 silly cache add   spec: 'latest',
39 silly cache add   type: 'tag' }
40 silly addNamed @chilkat/ck-electron4-linux64@latest
41 verbose addNamed "latest" is being treated as a dist-tag for @chilkat/ck-electron4-linux64
42 info addNameTag [ '@chilkat/ck-electron4-linux64', 'latest' ]
43 silly mapToRegistry name @chilkat/ck-electron4-linux64
44 silly mapToRegistry scope (from package name) @chilkat
45 verbose mapToRegistry no registry URL found in name for scope @chilkat
46 silly mapToRegistry using default registry
47 silly mapToRegistry registry https://registry.npmjs.org/
48 silly mapToRegistry uri https://registry.npmjs.org/@chilkat%2fck-electron4-linux64
49 verbose addNameTag registry:https://registry.npmjs.org/@chilkat%2fck-electron4-linux64 not in flight; fetching
50 verbose get https://registry.npmjs.org/@chilkat%2fck-electron4-linux64 not expired, no request
51 silly addNameTag next cb for @chilkat/ck-electron4-linux64 with tag latest
52 silly addNamed @chilkat/ck-electron4-linux64@9.50.77
53 verbose addNamed "9.50.77" is a plain semver version for @chilkat/ck-electron4-linux64
54 silly mapToRegistry name @chilkat/ck-electron4-linux64
55 silly mapToRegistry scope (from package name) @chilkat
56 verbose mapToRegistry no registry URL found in name for scope @chilkat
57 silly mapToRegistry using default registry
58 silly mapToRegistry registry https://registry.npmjs.org/
59 silly mapToRegistry uri https://registry.npmjs.org/@chilkat%2fck-electron4-linux64
60 verbose addRemoteTarball https://registry.npmjs.org/@chilkat/ck-electron4-linux64/-/ck-electron4-linux64-9.50.77.tgz not in flight; adding
61 verbose addRemoteTarball [ 'https://registry.npmjs.org/@chilkat/ck-electron4-linux64/-/ck-electron4-linux64-9.50.77.tgz',
61 verbose addRemoteTarball   'e43ea79670828ca1998f62ac687a00ead8d1973b' ]
62 info retry fetch attempt 1 at 10:13:19 AM
63 info attempt registry request try #1 at 10:13:19 AM
64 http fetch GET https://registry.npmjs.org/@chilkat/ck-electron4-linux64/-/ck-electron4-linux64-9.50.77.tgz
65 http fetch 200 https://registry.npmjs.org/@chilkat/ck-electron4-linux64/-/ck-electron4-linux64-9.50.77.tgz
66 silly fetchAndShaCheck shasum e43ea79670828ca1998f62ac687a00ead8d1973b
67 verbose addTmpTarball /tmp/npm-3136-e8d93a46/registry.npmjs.org/_40chilkat/ck-electron4-linux64/-/ck-electron4-linux64-9.50.77.tgz not in flight; adding
68 verbose addTmpTarball already have metadata; skipping unpack for @chilkat/ck-electron4-linux64@9.50.77
69 silly cache afterAdd @chilkat/ck-electron4-linux64@9.50.77
70 verbose afterAdd /home/thachdi/.npm/@chilkat/ck-electron4-linux64/9.50.77/package/package.json not in flight; writing
71 verbose afterAdd /home/thachdi/.npm/@chilkat/ck-electron4-linux64/9.50.77/package/package.json written
72 silly loadAllDepsIntoIdealTree Finishing
73 silly idealTree:prePrune electron-quick-start@1.0.0
73 silly idealTree:prePrune ├── @babel/parser@7.4.2
73 silly idealTree:prePrune ├── @chilkat/ck-electron4-linux64@9.50.77
73 silly idealTree:prePrune ├── @chilkat/ck-node11-linux64@9.50.77
73 silly idealTree:prePrune ├── @paulcbetts/mime-db@1.22.4
73 silly idealTree:prePrune ├── @paulcbetts/mime-types@2.1.10
73 silly idealTree:prePrune ├── @paulcbetts/vueify@9.4.3
73 silly idealTree:prePrune ├── @types/node@10.14.3
73 silly idealTree:prePrune ├── abab@1.0.4
73 silly idealTree:prePrune ├── abbrev@1.0.9
73 silly idealTree:prePrune ├── acorn-globals@1.0.9
73 silly idealTree:prePrune ├── acorn@2.7.0
73 silly idealTree:prePrune ├── ajv@6.10.0
73 silly idealTree:prePrune ├── align-text@0.1.4
73 silly idealTree:prePrune ├── alphanum-sort@1.0.2
73 silly idealTree:prePrune ├── amdefine@1.0.1
73 silly idealTree:prePrune ├── ansi-regex@2.1.1
73 silly idealTree:prePrune ├── ansi-styles@2.2.1
73 silly idealTree:prePrune ├── argparse@1.0.10
73 silly idealTree:prePrune ├── array-find-index@1.0.2
73 silly idealTree:prePrune ├── asap@1.0.0
73 silly idealTree:prePrune ├── asn1@0.2.4
73 silly idealTree:prePrune ├── assert-plus@1.0.0
73 silly idealTree:prePrune ├── async@1.5.2
73 silly idealTree:prePrune ├── asynckit@0.4.0
73 silly idealTree:prePrune ├── autoprefixer@6.7.7
73 silly idealTree:prePrune ├── aws-sign2@0.7.0
73 silly idealTree:prePrune ├── aws4@1.8.0
73 silly idealTree:prePrune ├── babel-code-frame@6.26.0
73 silly idealTree:prePrune ├─┬ babel-core@6.26.3
73 silly idealTree:prePrune │ ├── debug@2.6.9
73 silly idealTree:prePrune │ └── ms@2.0.0
73 silly idealTree:prePrune ├─┬ babel-generator@6.26.1
73 silly idealTree:prePrune │ └── jsesc@1.3.0
73 silly idealTree:prePrune ├── babel-helper-builder-binary-assignment-operator-visitor@6.24.1
73 silly idealTree:prePrune ├── babel-helper-builder-react-jsx@6.26.0
73 silly idealTree:prePrune ├── babel-helper-call-delegate@6.24.1
73 silly idealTree:prePrune ├── babel-helper-define-map@6.26.0
73 silly idealTree:prePrune ├── babel-helper-explode-assignable-expression@6.24.1
73 silly idealTree:prePrune ├── babel-helper-function-name@6.24.1
73 silly idealTree:prePrune ├── babel-helper-get-function-arity@6.24.1
73 silly idealTree:prePrune ├── babel-helper-hoist-variables@6.24.1
73 silly idealTree:prePrune ├── babel-helper-optimise-call-expression@6.24.1
73 silly idealTree:prePrune ├── babel-helper-regex@6.26.0
73 silly idealTree:prePrune ├── babel-helper-remap-async-to-generator@6.24.1
73 silly idealTree:prePrune ├── babel-helper-replace-supers@6.24.1
73 silly idealTree:prePrune ├── babel-helpers@6.24.1
73 silly idealTree:prePrune ├── babel-messages@6.23.0
73 silly idealTree:prePrune ├── babel-plugin-array-includes@2.0.3
73 silly idealTree:prePrune ├── babel-plugin-check-es2015-constants@6.22.0
73 silly idealTree:prePrune ├── babel-plugin-syntax-async-functions@6.13.0
73 silly idealTree:prePrune ├── babel-plugin-syntax-async-generators@6.13.0
73 silly idealTree:prePrune ├── babel-plugin-syntax-exponentiation-operator@6.13.0
73 silly idealTree:prePrune ├── babel-plugin-syntax-flow@6.18.0
73 silly idealTree:prePrune ├── babel-plugin-syntax-jsx@6.18.0
73 silly idealTree:prePrune ├── babel-plugin-syntax-trailing-function-commas@6.22.0
73 silly idealTree:prePrune ├── babel-plugin-transform-async-to-generator@6.24.1
73 silly idealTree:prePrune ├── babel-plugin-transform-es2015-arrow-functions@6.22.0
73 silly idealTree:prePrune ├── babel-plugin-transform-es2015-block-scoped-functions@6.22.0
73 silly idealTree:prePrune ├── babel-plugin-transform-es2015-block-scoping@6.26.0
73 silly idealTree:prePrune ├── babel-plugin-transform-es2015-classes@6.24.1
73 silly idealTree:prePrune ├── babel-plugin-transform-es2015-computed-properties@6.24.1
73 silly idealTree:prePrune ├── babel-plugin-transform-es2015-destructuring@6.23.0
73 silly idealTree:prePrune ├── babel-plugin-transform-es2015-duplicate-keys@6.24.1
73 silly idealTree:prePrune ├── babel-plugin-transform-es2015-for-of@6.23.0
73 silly idealTree:prePrune ├── babel-plugin-transform-es2015-function-name@6.24.1
73 silly idealTree:prePrune ├── babel-plugin-transform-es2015-literals@6.22.0
73 silly idealTree:prePrune ├── babel-plugin-transform-es2015-modules-amd@6.24.1
73 silly idealTree:prePrune ├── babel-plugin-transform-es2015-modules-commonjs@6.26.2
73 silly idealTree:prePrune ├── babel-plugin-transform-es2015-modules-systemjs@6.24.1
73 silly idealTree:prePrune ├── babel-plugin-transform-es2015-modules-umd@6.24.1
73 silly idealTree:prePrune ├── babel-plugin-transform-es2015-object-super@6.24.1
73 silly idealTree:prePrune ├── babel-plugin-transform-es2015-parameters@6.24.1
73 silly idealTree:prePrune ├── babel-plugin-transform-es2015-shorthand-properties@6.24.1
73 silly idealTree:prePrune ├── babel-plugin-transform-es2015-spread@6.22.0
73 silly idealTree:prePrune ├── babel-plugin-transform-es2015-sticky-regex@6.24.1
73 silly idealTree:prePrune ├── babel-plugin-transform-es2015-template-literals@6.22.0
73 silly idealTree:prePrune ├── babel-plugin-transform-es2015-typeof-symbol@6.23.0
73 silly idealTree:prePrune ├── babel-plugin-transform-es2015-unicode-regex@6.24.1
73 silly idealTree:prePrune ├── babel-plugin-transform-exponentiation-operator@6.24.1
73 silly idealTree:prePrune ├── babel-plugin-transform-flow-strip-types@6.22.0
73 silly idealTree:prePrune ├── babel-plugin-transform-react-display-name@6.25.0
73 silly idealTree:prePrune ├── babel-plugin-transform-react-jsx-self@6.22.0
73 silly idealTree:prePrune ├── babel-plugin-transform-react-jsx-source@6.22.0
73 silly idealTree:prePrune ├── babel-plugin-transform-react-jsx@6.24.1
73 silly idealTree:prePrune ├── babel-plugin-transform-regenerator@6.26.0
73 silly idealTree:prePrune ├── babel-plugin-transform-strict-mode@6.24.1
73 silly idealTree:prePrune ├─┬ babel-preset-env@1.7.0
73 silly idealTree:prePrune │ └── browserslist@3.2.8
73 silly idealTree:prePrune ├── babel-preset-es2016-node5@1.1.2
73 silly idealTree:prePrune ├── babel-preset-flow@6.23.0
73 silly idealTree:prePrune ├── babel-preset-react@6.24.1
73 silly idealTree:prePrune ├── babel-register@6.26.0
73 silly idealTree:prePrune ├── babel-runtime@6.26.0
73 silly idealTree:prePrune ├── babel-template@6.26.0
73 silly idealTree:prePrune ├─┬ babel-traverse@6.26.0
73 silly idealTree:prePrune │ ├── debug@2.6.9
73 silly idealTree:prePrune │ └── ms@2.0.0
73 silly idealTree:prePrune ├── babel-types@6.26.0
73 silly idealTree:prePrune ├── babylon@6.18.0
73 silly idealTree:prePrune ├── balanced-match@1.0.0
73 silly idealTree:prePrune ├── bcrypt-pbkdf@1.0.2
73 silly idealTree:prePrune ├── boolbase@1.0.0
73 silly idealTree:prePrune ├── boom@2.10.1
73 silly idealTree:prePrune ├── brace-expansion@1.1.11
73 silly idealTree:prePrune ├── browserslist@1.7.7
73 silly idealTree:prePrune ├── btoa@1.2.1
73 silly idealTree:prePrune ├── buffer-crc32@0.2.13
73 silly idealTree:prePrune ├── buffer-from@1.1.1
73 silly idealTree:prePrune ├── camelcase-keys@2.1.0
73 silly idealTree:prePrune ├── camelcase@2.1.1
73 silly idealTree:prePrune ├── caniuse-api@1.6.1
73 silly idealTree:prePrune ├── caniuse-db@1.0.30000951
73 silly idealTree:prePrune ├── caniuse-lite@1.0.30000951
73 silly idealTree:prePrune ├── caseless@0.12.0
73 silly idealTree:prePrune ├── center-align@0.1.3
73 silly idealTree:prePrune ├── chalk@1.1.3
73 silly idealTree:prePrune ├── character-parser@1.2.1
73 silly idealTree:prePrune ├── cheerio@0.20.0
73 silly idealTree:prePrune ├── clap@1.2.3
73 silly idealTree:prePrune ├─┬ clean-css@3.4.28
73 silly idealTree:prePrune │ ├── commander@2.8.1
73 silly idealTree:prePrune │ └── source-map@0.4.4
73 silly idealTree:prePrune ├── cliui@3.2.0
73 silly idealTree:prePrune ├── clone@1.0.4
73 silly idealTree:prePrune ├── co@4.6.0
73 silly idealTree:prePrune ├── coa@1.0.4
73 silly idealTree:prePrune ├── code-point-at@1.1.0
73 silly idealTree:prePrune ├── coffee-script@1.12.7
73 silly idealTree:prePrune ├── color-convert@1.9.3
73 silly idealTree:prePrune ├── color-name@1.1.3
73 silly idealTree:prePrune ├── color-string@0.3.0
73 silly idealTree:prePrune ├── color@0.11.4
73 silly idealTree:prePrune ├── colormin@1.1.2
73 silly idealTree:prePrune ├── colors@1.1.2
73 silly idealTree:prePrune ├── combined-stream@1.0.7
73 silly idealTree:prePrune ├── commander@2.19.0
73 silly idealTree:prePrune ├── concat-map@0.0.1
73 silly idealTree:prePrune ├─┬ concat-stream@1.6.2
73 silly idealTree:prePrune │ ├── isarray@1.0.0
73 silly idealTree:prePrune │ ├── readable-stream@2.3.6
73 silly idealTree:prePrune │ └── string_decoder@1.1.1
73 silly idealTree:prePrune ├── conf@2.2.0
73 silly idealTree:prePrune ├── constantinople@3.0.2
73 silly idealTree:prePrune ├── convert-source-map@1.6.0
73 silly idealTree:prePrune ├── core-js@2.6.5
73 silly idealTree:prePrune ├── core-util-is@1.0.2
73 silly idealTree:prePrune ├── cryptiles@2.0.5
73 silly idealTree:prePrune ├── crypto@1.0.1
73 silly idealTree:prePrune ├── cson-parser@1.3.5
73 silly idealTree:prePrune ├── cson@3.0.2
73 silly idealTree:prePrune ├── css-color-names@0.0.4
73 silly idealTree:prePrune ├── css-parse@1.0.4
73 silly idealTree:prePrune ├── css-select@1.2.0
73 silly idealTree:prePrune ├── css-stringify@1.0.5
73 silly idealTree:prePrune ├── css-what@2.1.3
73 silly idealTree:prePrune ├── css@1.0.8
73 silly idealTree:prePrune ├── cssnano@3.10.0
73 silly idealTree:prePrune ├── csso@2.3.2
73 silly idealTree:prePrune ├── cssom@0.3.6
73 silly idealTree:prePrune ├── cssstyle@0.2.37
73 silly idealTree:prePrune ├── currently-unhandled@0.4.1
73 silly idealTree:prePrune ├── dashdash@1.14.1
73 silly idealTree:prePrune ├── de-indent@1.0.2
73 silly idealTree:prePrune ├── debug@3.2.6
73 silly idealTree:prePrune ├── decamelize@1.2.0
73 silly idealTree:prePrune ├── deep-extend@0.6.0
73 silly idealTree:prePrune ├── deep-is@0.1.3
73 silly idealTree:prePrune ├── defined@1.0.0
73 silly idealTree:prePrune ├── delayed-stream@1.0.0
73 silly idealTree:prePrune ├── detect-indent@4.0.0
73 silly idealTree:prePrune ├─┬ detective-less@1.0.2
73 silly idealTree:prePrune │ └── debug@4.1.1
73 silly idealTree:prePrune ├─┬ detective-sass@2.0.1
73 silly idealTree:prePrune │ ├── gonzales-pe@3.4.7
73 silly idealTree:prePrune │ ├── minimist@1.1.3
73 silly idealTree:prePrune │ └── node-source-walk@3.3.0
73 silly idealTree:prePrune ├─┬ detective-scss@1.0.1
73 silly idealTree:prePrune │ ├── gonzales-pe@3.4.7
73 silly idealTree:prePrune │ ├── minimist@1.1.3
73 silly idealTree:prePrune │ └── node-source-walk@3.3.0
73 silly idealTree:prePrune ├── detective-stylus@1.0.0
73 silly idealTree:prePrune ├── dom-serializer@0.1.1
73 silly idealTree:prePrune ├── domelementtype@1.3.1
73 silly idealTree:prePrune ├── domhandler@2.3.0
73 silly idealTree:prePrune ├── domutils@1.5.1
73 silly idealTree:prePrune ├── dot-prop@4.2.0
73 silly idealTree:prePrune ├── eachr@3.2.0
73 silly idealTree:prePrune ├── ecc-jsbn@0.1.2
73 silly idealTree:prePrune ├── editions@1.3.4
73 silly idealTree:prePrune ├─┬ electron-compile@6.4.4
73 silly idealTree:prePrune │ ├── @types/node@7.10.5
73 silly idealTree:prePrune │ ├── debug@2.6.9
73 silly idealTree:prePrune │ ├── ms@2.0.0
73 silly idealTree:prePrune │ └── yargs@4.8.1
73 silly idealTree:prePrune ├─┬ electron-compilers@5.9.0
73 silly idealTree:prePrune │ ├── debug@2.6.9
73 silly idealTree:prePrune │ └── ms@2.0.0
73 silly idealTree:prePrune ├─┬ electron-download@4.1.1
73 silly idealTree:prePrune │ └── fs-extra@4.0.3
73 silly idealTree:prePrune ├─┬ electron-prebuilt-compile@4.0.0
73 silly idealTree:prePrune │ ├── @types/node@8.10.45
73 silly idealTree:prePrune │ └── electron@4.0.0
73 silly idealTree:prePrune ├── electron-store@2.0.0
73 silly idealTree:prePrune ├── electron-to-chromium@1.3.119
73 silly idealTree:prePrune ├── electron@4.1.1
73 silly idealTree:prePrune ├── entities@1.1.2
73 silly idealTree:prePrune ├── env-paths@1.0.0
73 silly idealTree:prePrune ├─┬ errlop@1.1.1
73 silly idealTree:prePrune │ └── editions@2.1.3
73 silly idealTree:prePrune ├── errno@0.1.7
73 silly idealTree:prePrune ├── error-ex@1.3.2
73 silly idealTree:prePrune ├── es6-promise@3.3.1
73 silly idealTree:prePrune ├── escape-string-regexp@1.0.5
73 silly idealTree:prePrune ├─┬ escodegen@1.11.1
73 silly idealTree:prePrune │ ├── esprima@3.1.3
73 silly idealTree:prePrune │ └── source-map@0.6.1
73 silly idealTree:prePrune ├── esprima@2.7.3
73 silly idealTree:prePrune ├── estraverse@4.2.0
73 silly idealTree:prePrune ├── esutils@2.0.2
73 silly idealTree:prePrune ├── extend@3.0.2
73 silly idealTree:prePrune ├── extract-opts@3.3.1
73 silly idealTree:prePrune ├─┬ extract-zip@1.6.7
73 silly idealTree:prePrune │ ├── debug@2.6.9
73 silly idealTree:prePrune │ └── ms@2.0.0
73 silly idealTree:prePrune ├── extsprintf@1.3.0
73 silly idealTree:prePrune ├── fast-deep-equal@2.0.1
73 silly idealTree:prePrune ├── fast-json-stable-stringify@2.0.0
73 silly idealTree:prePrune ├── fast-levenshtein@2.0.6
73 silly idealTree:prePrune ├── fd-slicer@1.0.1
73 silly idealTree:prePrune ├─┬ find-up@1.1.2
73 silly idealTree:prePrune │ └── path-exists@2.1.0
73 silly idealTree:prePrune ├── flatten@1.0.2
73 silly idealTree:prePrune ├── forever-agent@0.6.1
73 silly idealTree:prePrune ├── form-data@2.3.3
73 silly idealTree:prePrune ├── fs-extra@7.0.1
73 silly idealTree:prePrune ├── fs.realpath@1.0.0
73 silly idealTree:prePrune ├── function-bind@1.1.1
73 silly idealTree:prePrune ├── get-caller-file@1.0.3
73 silly idealTree:prePrune ├── get-stdin@4.0.1
73 silly idealTree:prePrune ├── getpass@0.1.7
73 silly idealTree:prePrune ├── glob@7.1.3
73 silly idealTree:prePrune ├── globals@9.18.0
73 silly idealTree:prePrune ├─┬ gonzales-pe@4.2.4
73 silly idealTree:prePrune │ └── minimist@1.1.3
73 silly idealTree:prePrune ├── graceful-fs@4.1.15
73 silly idealTree:prePrune ├── graceful-readlink@1.0.1
73 silly idealTree:prePrune ├── graphql-tag@2.10.1
73 silly idealTree:prePrune ├── graphql@0.9.6
73 silly idealTree:prePrune ├─┬ handlebars@4.1.1
73 silly idealTree:prePrune │ └── source-map@0.6.1
73 silly idealTree:prePrune ├── har-schema@2.0.0
73 silly idealTree:prePrune ├── har-validator@5.1.3
73 silly idealTree:prePrune ├── has-ansi@2.0.0
73 silly idealTree:prePrune ├── has-flag@1.0.0
73 silly idealTree:prePrune ├── has@1.0.3
73 silly idealTree:prePrune ├── hash-sum@1.0.2
73 silly idealTree:prePrune ├── hawk@3.1.3
73 silly idealTree:prePrune ├── he@1.2.0
73 silly idealTree:prePrune ├── hoek@2.16.3
73 silly idealTree:prePrune ├── home-or-tmp@2.0.0
73 silly idealTree:prePrune ├── hosted-git-info@2.7.1
73 silly idealTree:prePrune ├── html-comment-regex@1.1.2
73 silly idealTree:prePrune ├─┬ htmlparser2@3.8.3
73 silly idealTree:prePrune │ └── entities@1.0.0
73 silly idealTree:prePrune ├── http-signature@1.2.0
73 silly idealTree:prePrune ├── image-size@0.5.5
73 silly idealTree:prePrune ├── imurmurhash@0.1.4
73 silly idealTree:prePrune ├── indent-string@2.1.0
73 silly idealTree:prePrune ├── indexes-of@1.0.1
73 silly idealTree:prePrune ├── inflight@1.0.6
73 silly idealTree:prePrune ├── inherits@2.0.3
73 silly idealTree:prePrune ├── ini@1.3.5
73 silly idealTree:prePrune ├── invariant@2.2.4
73 silly idealTree:prePrune ├── invert-kv@1.0.0
73 silly idealTree:prePrune ├── is-absolute-url@2.1.0
73 silly idealTree:prePrune ├── is-arrayish@0.2.1
73 silly idealTree:prePrune ├── is-buffer@1.1.6
73 silly idealTree:prePrune ├── is-finite@1.0.2
73 silly idealTree:prePrune ├── is-fullwidth-code-point@1.0.0
73 silly idealTree:prePrune ├── is-obj@1.0.1
73 silly idealTree:prePrune ├── is-plain-obj@1.1.0
73 silly idealTree:prePrune ├── is-promise@2.1.0
73 silly idealTree:prePrune ├── is-relative-path@1.0.2
73 silly idealTree:prePrune ├── is-svg@2.1.0
73 silly idealTree:prePrune ├── is-typedarray@1.0.0
73 silly idealTree:prePrune ├── is-utf8@0.2.1
73 silly idealTree:prePrune ├── isarray@0.0.1
73 silly idealTree:prePrune ├── isexe@2.0.0
73 silly idealTree:prePrune ├── isstream@0.1.2
73 silly idealTree:prePrune ├─┬ istanbul@0.4.5
73 silly idealTree:prePrune │ ├── escodegen@1.8.1
73 silly idealTree:prePrune │ ├── estraverse@1.9.3
73 silly idealTree:prePrune │ ├── glob@5.0.15
73 silly idealTree:prePrune │ ├── resolve@1.1.7
73 silly idealTree:prePrune │ ├── source-map@0.2.0
73 silly idealTree:prePrune │ └── supports-color@3.2.3
73 silly idealTree:prePrune ├── iterall@1.2.2
73 silly idealTree:prePrune ├─┬ jade@1.11.0
73 silly idealTree:prePrune │ ├── camelcase@1.2.1
73 silly idealTree:prePrune │ ├── cliui@2.1.0
73 silly idealTree:prePrune │ ├── commander@2.6.0
73 silly idealTree:prePrune │ ├── uglify-js@2.8.29
73 silly idealTree:prePrune │ ├── window-size@0.1.0
73 silly idealTree:prePrune │ ├── wordwrap@0.0.2
73 silly idealTree:prePrune │ └── yargs@3.10.0
73 silly idealTree:prePrune ├── js-base64@2.5.1
73 silly idealTree:prePrune ├── js-string-escape@1.0.1
73 silly idealTree:prePrune ├── js-tokens@3.0.2
73 silly idealTree:prePrune ├── js-yaml@3.7.0
73 silly idealTree:prePrune ├── jsbn@0.1.1
73 silly idealTree:prePrune ├── jsdom@7.2.2
73 silly idealTree:prePrune ├── jsesc@0.5.0
73 silly idealTree:prePrune ├── json-schema-traverse@0.4.1
73 silly idealTree:prePrune ├── json-schema@0.2.3
73 silly idealTree:prePrune ├── json-stable-stringify@1.0.1
73 silly idealTree:prePrune ├── json-stringify-safe@5.0.1
73 silly idealTree:prePrune ├── json5@0.5.1
73 silly idealTree:prePrune ├── jsonfile@4.0.0
73 silly idealTree:prePrune ├── jsonify@0.0.0
73 silly idealTree:prePrune ├── jsprim@1.4.1
73 silly idealTree:prePrune ├── jstransformer@0.0.2
73 silly idealTree:prePrune ├── kind-of@3.2.2
73 silly idealTree:prePrune ├── lazy-cache@1.0.4
73 silly idealTree:prePrune ├── lcid@1.0.0
73 silly idealTree:prePrune ├─┬ less@2.7.3
73 silly idealTree:prePrune │ ├── ajv@4.11.8
73 silly idealTree:prePrune │ ├── asap@2.0.6
73 silly idealTree:prePrune │ ├── assert-plus@0.2.0
73 silly idealTree:prePrune │ ├── aws-sign2@0.6.0
73 silly idealTree:prePrune │ ├── form-data@2.1.4
73 silly idealTree:prePrune │ ├── har-schema@1.0.5
73 silly idealTree:prePrune │ ├── har-validator@4.2.1
73 silly idealTree:prePrune │ ├── http-signature@1.1.1
73 silly idealTree:prePrune │ ├── oauth-sign@0.8.2
73 silly idealTree:prePrune │ ├── performance-now@0.2.0
73 silly idealTree:prePrune │ ├── promise@7.3.1
73 silly idealTree:prePrune │ ├── punycode@1.4.1
73 silly idealTree:prePrune │ ├── qs@6.4.0
73 silly idealTree:prePrune │ ├── request@2.81.0
73 silly idealTree:prePrune │ └── tough-cookie@2.3.4
73 silly idealTree:prePrune ├── levn@0.3.0
73 silly idealTree:prePrune ├── load-json-file@1.1.0
73 silly idealTree:prePrune ├── locate-path@2.0.0
73 silly idealTree:prePrune ├── lodash.assign@4.2.0
73 silly idealTree:prePrune ├── lodash.memoize@4.1.2
73 silly idealTree:prePrune ├── lodash.uniq@4.5.0
73 silly idealTree:prePrune ├── lodash@4.17.11
73 silly idealTree:prePrune ├── longest@1.0.1
73 silly idealTree:prePrune ├── loose-envify@1.4.0
73 silly idealTree:prePrune ├── loud-rejection@1.6.0
73 silly idealTree:prePrune ├── lru-cache@4.1.5
73 silly idealTree:prePrune ├─┬ make-dir@1.3.0
73 silly idealTree:prePrune │ └── pify@3.0.0
73 silly idealTree:prePrune ├── map-obj@1.0.1
73 silly idealTree:prePrune ├── math-expression-evaluator@1.2.17
73 silly idealTree:prePrune ├── meow@3.7.0
73 silly idealTree:prePrune ├── mime-db@1.38.0
73 silly idealTree:prePrune ├── mime-types@2.1.22
73 silly idealTree:prePrune ├── mime@1.6.0
73 silly idealTree:prePrune ├── minimatch@3.0.4
73 silly idealTree:prePrune ├── minimist@1.2.0
73 silly idealTree:prePrune ├─┬ mkdirp@0.5.1
73 silly idealTree:prePrune │ └── minimist@0.0.8
73 silly idealTree:prePrune ├── ms@2.1.1
73 silly idealTree:prePrune ├── neo-async@2.6.0
73 silly idealTree:prePrune ├── nib@1.1.2
73 silly idealTree:prePrune ├── node-source-walk@4.2.0
73 silly idealTree:prePrune ├── nopt@3.0.6
73 silly idealTree:prePrune ├── normalize-package-data@2.5.0
73 silly idealTree:prePrune ├── normalize-range@0.1.2
73 silly idealTree:prePrune ├── normalize-url@1.9.1
73 silly idealTree:prePrune ├── nth-check@1.0.2
73 silly idealTree:prePrune ├─┬ nugget@2.0.1
73 silly idealTree:prePrune │ ├── debug@2.6.9
73 silly idealTree:prePrune │ └── ms@2.0.0
73 silly idealTree:prePrune ├── num2fraction@1.2.2
73 silly idealTree:prePrune ├── number-is-nan@1.0.1
73 silly idealTree:prePrune ├── nwmatcher@1.4.4
73 silly idealTree:prePrune ├── oauth-sign@0.9.0
73 silly idealTree:prePrune ├── object-assign@4.1.1
73 silly idealTree:prePrune ├── object-keys@0.4.0
73 silly idealTree:prePrune ├── once@1.4.0
73 silly idealTree:prePrune ├─┬ optimist@0.6.1
73 silly idealTree:prePrune │ ├── minimist@0.0.10
73 silly idealTree:prePrune │ └── wordwrap@0.0.3
73 silly idealTree:prePrune ├── optionator@0.8.2
73 silly idealTree:prePrune ├── os-homedir@1.0.2
73 silly idealTree:prePrune ├── os-locale@1.4.0
73 silly idealTree:prePrune ├── os-tmpdir@1.0.2
73 silly idealTree:prePrune ├── p-limit@1.3.0
73 silly idealTree:prePrune ├── p-locate@2.0.0
73 silly idealTree:prePrune ├── p-try@1.0.0
73 silly idealTree:prePrune ├── parse-json@2.2.0
73 silly idealTree:prePrune ├── parse5@1.5.1
73 silly idealTree:prePrune ├── password-hash@1.2.2
73 silly idealTree:prePrune ├── path-exists@3.0.0
73 silly idealTree:prePrune ├── path-is-absolute@1.0.1
73 silly idealTree:prePrune ├── path-parse@1.0.6
73 silly idealTree:prePrune ├── path-type@1.1.0
73 silly idealTree:prePrune ├── pend@1.2.0
73 silly idealTree:prePrune ├── performance-now@2.1.0
73 silly idealTree:prePrune ├── pify@2.3.0
73 silly idealTree:prePrune ├── pinkie-promise@2.0.1
73 silly idealTree:prePrune ├── pinkie@2.0.4
73 silly idealTree:prePrune ├─┬ pkg-up@2.0.0
73 silly idealTree:prePrune │ └── find-up@2.1.0
73 silly idealTree:prePrune ├── postcss-calc@5.3.1
73 silly idealTree:prePrune ├── postcss-colormin@2.2.2
73 silly idealTree:prePrune ├── postcss-convert-values@2.6.1
73 silly idealTree:prePrune ├── postcss-discard-comments@2.0.4
73 silly idealTree:prePrune ├── postcss-discard-duplicates@2.1.0
73 silly idealTree:prePrune ├── postcss-discard-empty@2.1.0
73 silly idealTree:prePrune ├── postcss-discard-overridden@0.1.1
73 silly idealTree:prePrune ├── postcss-discard-unused@2.2.3
73 silly idealTree:prePrune ├── postcss-filter-plugins@2.0.3
73 silly idealTree:prePrune ├── postcss-merge-idents@2.1.7
73 silly idealTree:prePrune ├── postcss-merge-longhand@2.0.2
73 silly idealTree:prePrune ├── postcss-merge-rules@2.1.2
73 silly idealTree:prePrune ├── postcss-message-helpers@2.0.0
73 silly idealTree:prePrune ├── postcss-minify-font-values@1.0.5
73 silly idealTree:prePrune ├── postcss-minify-gradients@1.0.5
73 silly idealTree:prePrune ├── postcss-minify-params@1.2.2
73 silly idealTree:prePrune ├── postcss-minify-selectors@2.1.1
73 silly idealTree:prePrune ├── postcss-normalize-charset@1.1.1
73 silly idealTree:prePrune ├── postcss-normalize-url@3.0.8
73 silly idealTree:prePrune ├── postcss-ordered-values@2.2.3
73 silly idealTree:prePrune ├── postcss-reduce-idents@2.4.0
73 silly idealTree:prePrune ├── postcss-reduce-initial@1.0.1
73 silly idealTree:prePrune ├── postcss-reduce-transforms@1.0.4
73 silly idealTree:prePrune ├── postcss-selector-parser@2.2.3
73 silly idealTree:prePrune ├── postcss-svgo@2.1.6
73 silly idealTree:prePrune ├── postcss-unique-selectors@2.0.2
73 silly idealTree:prePrune ├── postcss-value-parser@3.3.1
73 silly idealTree:prePrune ├── postcss-zindex@2.2.0
73 silly idealTree:prePrune ├─┬ postcss@5.2.18
73 silly idealTree:prePrune │ └── supports-color@3.2.3
73 silly idealTree:prePrune ├── prelude-ls@1.1.2
73 silly idealTree:prePrune ├── prepend-http@1.0.4
73 silly idealTree:prePrune ├── pretty-bytes@1.0.4
73 silly idealTree:prePrune ├── private@0.1.8
73 silly idealTree:prePrune ├── process-nextick-args@2.0.0
73 silly idealTree:prePrune ├── progress-stream@1.2.0
73 silly idealTree:prePrune ├── promise@6.1.0
73 silly idealTree:prePrune ├── prr@1.0.1
73 silly idealTree:prePrune ├── pseudomap@1.0.2
73 silly idealTree:prePrune ├── psl@1.1.31
73 silly idealTree:prePrune ├── punycode@2.1.1
73 silly idealTree:prePrune ├── q@1.5.1
73 silly idealTree:prePrune ├── qs@6.5.2
73 silly idealTree:prePrune ├── query-string@4.3.4
73 silly idealTree:prePrune ├── rc@1.2.8
73 silly idealTree:prePrune ├── read-pkg-up@1.0.1
73 silly idealTree:prePrune ├── read-pkg@1.1.0
73 silly idealTree:prePrune ├── readable-stream@1.1.14
73 silly idealTree:prePrune ├── redent@1.0.0
73 silly idealTree:prePrune ├─┬ reduce-css-calc@1.3.0
73 silly idealTree:prePrune │ └── balanced-match@0.4.2
73 silly idealTree:prePrune ├─┬ reduce-function-call@1.0.2
73 silly idealTree:prePrune │ └── balanced-match@0.4.2
73 silly idealTree:prePrune ├── regenerate@1.4.0
73 silly idealTree:prePrune ├── regenerator-runtime@0.11.1
73 silly idealTree:prePrune ├── regenerator-transform@0.10.1
73 silly idealTree:prePrune ├── regexpu-core@2.0.0
73 silly idealTree:prePrune ├── regjsgen@0.2.0
73 silly idealTree:prePrune ├── regjsparser@0.1.5
73 silly idealTree:prePrune ├── repeat-string@1.6.1
73 silly idealTree:prePrune ├── repeating@2.0.1
73 silly idealTree:prePrune ├── request@2.88.0
73 silly idealTree:prePrune ├── require-directory@2.1.1
73 silly idealTree:prePrune ├── require-main-filename@1.0.1
73 silly idealTree:prePrune ├─┬ requirefresh@2.2.0
73 silly idealTree:prePrune │ └── editions@2.1.3
73 silly idealTree:prePrune ├── resolve@1.10.0
73 silly idealTree:prePrune ├── right-align@0.1.3
73 silly idealTree:prePrune ├── rimraf@2.6.3
73 silly idealTree:prePrune ├── rxjs@5.5.12
73 silly idealTree:prePrune ├── safe-buffer@5.1.2
73 silly idealTree:prePrune ├── safefs@4.1.0
73 silly idealTree:prePrune ├── safer-buffer@2.1.2
73 silly idealTree:prePrune ├── sander@0.5.1
73 silly idealTree:prePrune ├─┬ sass-lookup@1.1.0
73 silly idealTree:prePrune │ └── commander@2.8.1
73 silly idealTree:prePrune ├── sass.js@0.10.13
73 silly idealTree:prePrune ├── sax@1.2.4
73 silly idealTree:prePrune ├── semver@5.6.0
73 silly idealTree:prePrune ├── set-blocking@2.0.0
73 silly idealTree:prePrune ├── signal-exit@3.0.2
73 silly idealTree:prePrune ├── single-line-log@1.1.2
73 silly idealTree:prePrune ├── slash@1.0.0
73 silly idealTree:prePrune ├── sntp@1.0.9
73 silly idealTree:prePrune ├── sorcery@0.10.0
73 silly idealTree:prePrune ├── sort-keys@1.1.2
73 silly idealTree:prePrune ├── source-map-support@0.4.18
73 silly idealTree:prePrune ├── source-map@0.5.7
73 silly idealTree:prePrune ├── sourcemap-codec@1.4.4
73 silly idealTree:prePrune ├─┬ spawn-rx@2.0.12
73 silly idealTree:prePrune │ ├── debug@2.6.9
73 silly idealTree:prePrune │ └── ms@2.0.0
73 silly idealTree:prePrune ├── spdx-correct@3.1.0
73 silly idealTree:prePrune ├── spdx-exceptions@2.2.0
73 silly idealTree:prePrune ├── spdx-expression-parse@3.0.0
73 silly idealTree:prePrune ├── spdx-license-ids@3.0.3
73 silly idealTree:prePrune ├── speedometer@0.1.4
73 silly idealTree:prePrune ├── sprintf-js@1.0.3
73 silly idealTree:prePrune ├── sshpk@1.16.1
73 silly idealTree:prePrune ├── strict-uri-encode@1.1.0
73 silly idealTree:prePrune ├── string_decoder@0.10.31
73 silly idealTree:prePrune ├── string-width@1.0.2
73 silly idealTree:prePrune ├── stringstream@0.0.6
73 silly idealTree:prePrune ├── strip-ansi@3.0.1
73 silly idealTree:prePrune ├── strip-bom@2.0.0
73 silly idealTree:prePrune ├── strip-indent@1.0.1
73 silly idealTree:prePrune ├── strip-json-comments@2.0.1
73 silly idealTree:prePrune ├─┬ stylus-lookup@1.0.2
73 silly idealTree:prePrune │ └── commander@2.8.1
73 silly idealTree:prePrune ├─┬ stylus@0.54.5
73 silly idealTree:prePrune │ ├── css-parse@1.7.0
73 silly idealTree:prePrune │ ├── glob@7.0.6
73 silly idealTree:prePrune │ ├── sax@0.5.8
73 silly idealTree:prePrune │ └── source-map@0.1.43
73 silly idealTree:prePrune ├─┬ sumchecker@2.0.2
73 silly idealTree:prePrune │ ├── debug@2.6.9
73 silly idealTree:prePrune │ └── ms@2.0.0
73 silly idealTree:prePrune ├── supports-color@2.0.0
73 silly idealTree:prePrune ├── svgo@0.7.2
73 silly idealTree:prePrune ├── symbol-observable@1.0.1
73 silly idealTree:prePrune ├── symbol-tree@3.2.2
73 silly idealTree:prePrune ├── synchronous-promise@1.0.18
73 silly idealTree:prePrune ├── throttleit@0.0.2
73 silly idealTree:prePrune ├── through@2.3.8
73 silly idealTree:prePrune ├── through2@0.2.3
73 silly idealTree:prePrune ├── to-fast-properties@1.0.3
73 silly idealTree:prePrune ├─┬ tough-cookie@2.4.3
73 silly idealTree:prePrune │ └── punycode@1.4.1
73 silly idealTree:prePrune ├─┬ toutsuite@0.6.0
73 silly idealTree:prePrune │ ├── debug@2.6.9
73 silly idealTree:prePrune │ └── ms@2.0.0
73 silly idealTree:prePrune ├── tr46@0.0.3
73 silly idealTree:prePrune ├─┬ transformers@2.1.0
73 silly idealTree:prePrune │ ├── is-promise@1.0.1
73 silly idealTree:prePrune │ ├── optimist@0.3.7
73 silly idealTree:prePrune │ ├── promise@2.0.0
73 silly idealTree:prePrune │ ├── source-map@0.1.43
73 silly idealTree:prePrune │ ├── uglify-js@2.2.5
73 silly idealTree:prePrune │ └── wordwrap@0.0.3
73 silly idealTree:prePrune ├── trim-newlines@1.0.0
73 silly idealTree:prePrune ├── trim-right@1.0.1
73 silly idealTree:prePrune ├── tunnel-agent@0.6.0
73 silly idealTree:prePrune ├── tweetnacl@0.14.5
73 silly idealTree:prePrune ├── type-check@0.3.2
73 silly idealTree:prePrune ├─┬ typechecker@4.7.0
73 silly idealTree:prePrune │ └── editions@2.1.3
73 silly idealTree:prePrune ├── typedarray@0.0.6
73 silly idealTree:prePrune ├── typescript@3.3.4000
73 silly idealTree:prePrune ├─┬ uglify-js@3.5.2
73 silly idealTree:prePrune │ └── source-map@0.6.1
73 silly idealTree:prePrune ├── uglify-to-browserify@1.0.2
73 silly idealTree:prePrune ├── uniq@1.0.1
73 silly idealTree:prePrune ├── uniqs@2.0.0
73 silly idealTree:prePrune ├── universalify@0.1.2
73 silly idealTree:prePrune ├── uri-js@4.2.2
73 silly idealTree:prePrune ├── util-deprecate@1.0.2
73 silly idealTree:prePrune ├── uuid@3.3.2
73 silly idealTree:prePrune ├── validate-npm-package-license@3.0.4
73 silly idealTree:prePrune ├── vendors@1.0.2
73 silly idealTree:prePrune ├── verror@1.10.0
73 silly idealTree:prePrune ├── void-elements@2.0.1
73 silly idealTree:prePrune ├── vue-hot-reload-api@2.3.3
73 silly idealTree:prePrune ├── vue-template-compiler@2.6.10
73 silly idealTree:prePrune ├── vue-template-es2015-compiler@1.9.1
73 silly idealTree:prePrune ├── webidl-conversions@2.0.1
73 silly idealTree:prePrune ├── whatwg-url-compat@0.6.5
73 silly idealTree:prePrune ├── whet.extend@0.9.9
73 silly idealTree:prePrune ├── which-module@1.0.0
73 silly idealTree:prePrune ├── which@1.3.1
73 silly idealTree:prePrune ├── window-size@0.2.0
73 silly idealTree:prePrune ├─┬ with@4.0.3
73 silly idealTree:prePrune │ └── acorn@1.2.2
73 silly idealTree:prePrune ├── wordwrap@1.0.0
73 silly idealTree:prePrune ├── wrap-ansi@2.1.0
73 silly idealTree:prePrune ├── wrappy@1.0.2
73 silly idealTree:prePrune ├── write-file-atomic@2.4.2
73 silly idealTree:prePrune ├── xml-name-validator@2.0.1
73 silly idealTree:prePrune ├── xtend@2.1.2
73 silly idealTree:prePrune ├── y18n@3.2.1
73 silly idealTree:prePrune ├── yallist@2.1.2
73 silly idealTree:prePrune ├─┬ yargs-parser@2.4.1
73 silly idealTree:prePrune │ └── camelcase@3.0.0
73 silly idealTree:prePrune ├─┬ yargs@6.6.0
73 silly idealTree:prePrune │ ├── camelcase@3.0.0
73 silly idealTree:prePrune │ └── yargs-parser@4.2.1
73 silly idealTree:prePrune └── yauzl@2.4.1
74 silly loadIdealTree Finishing
75 silly currentTree electron-quick-start@1.0.0
75 silly currentTree ├── @babel/parser@7.4.2
75 silly currentTree ├── @chilkat/ck-node11-linux64@9.50.77
75 silly currentTree ├── @paulcbetts/mime-db@1.22.4
75 silly currentTree ├── @paulcbetts/mime-types@2.1.10
75 silly currentTree ├── @paulcbetts/vueify@9.4.3
75 silly currentTree ├── @types/node@10.14.3
75 silly currentTree ├── abab@1.0.4
75 silly currentTree ├── abbrev@1.0.9
75 silly currentTree ├── acorn-globals@1.0.9
75 silly currentTree ├── acorn@2.7.0
75 silly currentTree ├── ajv@6.10.0
75 silly currentTree ├── align-text@0.1.4
75 silly currentTree ├── alphanum-sort@1.0.2
75 silly currentTree ├── amdefine@1.0.1
75 silly currentTree ├── ansi-regex@2.1.1
75 silly currentTree ├── ansi-styles@2.2.1
75 silly currentTree ├── argparse@1.0.10
75 silly currentTree ├── array-find-index@1.0.2
75 silly currentTree ├── asap@1.0.0
75 silly currentTree ├── asn1@0.2.4
75 silly currentTree ├── assert-plus@1.0.0
75 silly currentTree ├── async@1.5.2
75 silly currentTree ├── asynckit@0.4.0
75 silly currentTree ├── autoprefixer@6.7.7
75 silly currentTree ├── aws-sign2@0.7.0
75 silly currentTree ├── aws4@1.8.0
75 silly currentTree ├── babel-code-frame@6.26.0
75 silly currentTree ├─┬ babel-core@6.26.3
75 silly currentTree │ ├── debug@2.6.9
75 silly currentTree │ └── ms@2.0.0
75 silly currentTree ├─┬ babel-generator@6.26.1
75 silly currentTree │ └── jsesc@1.3.0
75 silly currentTree ├── babel-helper-builder-binary-assignment-operator-visitor@6.24.1
75 silly currentTree ├── babel-helper-builder-react-jsx@6.26.0
75 silly currentTree ├── babel-helper-call-delegate@6.24.1
75 silly currentTree ├── babel-helper-define-map@6.26.0
75 silly currentTree ├── babel-helper-explode-assignable-expression@6.24.1
75 silly currentTree ├── babel-helper-function-name@6.24.1
75 silly currentTree ├── babel-helper-get-function-arity@6.24.1
75 silly currentTree ├── babel-helper-hoist-variables@6.24.1
75 silly currentTree ├── babel-helper-optimise-call-expression@6.24.1
75 silly currentTree ├── babel-helper-regex@6.26.0
75 silly currentTree ├── babel-helper-remap-async-to-generator@6.24.1
75 silly currentTree ├── babel-helper-replace-supers@6.24.1
75 silly currentTree ├── babel-helpers@6.24.1
75 silly currentTree ├── babel-messages@6.23.0
75 silly currentTree ├── babel-plugin-array-includes@2.0.3
75 silly currentTree ├── babel-plugin-check-es2015-constants@6.22.0
75 silly currentTree ├── babel-plugin-syntax-async-functions@6.13.0
75 silly currentTree ├── babel-plugin-syntax-async-generators@6.13.0
75 silly currentTree ├── babel-plugin-syntax-exponentiation-operator@6.13.0
75 silly currentTree ├── babel-plugin-syntax-flow@6.18.0
75 silly currentTree ├── babel-plugin-syntax-jsx@6.18.0
75 silly currentTree ├── babel-plugin-syntax-trailing-function-commas@6.22.0
75 silly currentTree ├── babel-plugin-transform-async-to-generator@6.24.1
75 silly currentTree ├── babel-plugin-transform-es2015-arrow-functions@6.22.0
75 silly currentTree ├── babel-plugin-transform-es2015-block-scoped-functions@6.22.0
75 silly currentTree ├── babel-plugin-transform-es2015-block-scoping@6.26.0
75 silly currentTree ├── babel-plugin-transform-es2015-classes@6.24.1
75 silly currentTree ├── babel-plugin-transform-es2015-computed-properties@6.24.1
75 silly currentTree ├── babel-plugin-transform-es2015-destructuring@6.23.0
75 silly currentTree ├── babel-plugin-transform-es2015-duplicate-keys@6.24.1
75 silly currentTree ├── babel-plugin-transform-es2015-for-of@6.23.0
75 silly currentTree ├── babel-plugin-transform-es2015-function-name@6.24.1
75 silly currentTree ├── babel-plugin-transform-es2015-literals@6.22.0
75 silly currentTree ├── babel-plugin-transform-es2015-modules-amd@6.24.1
75 silly currentTree ├── babel-plugin-transform-es2015-modules-commonjs@6.26.2
75 silly currentTree ├── babel-plugin-transform-es2015-modules-systemjs@6.24.1
75 silly currentTree ├── babel-plugin-transform-es2015-modules-umd@6.24.1
75 silly currentTree ├── babel-plugin-transform-es2015-object-super@6.24.1
75 silly currentTree ├── babel-plugin-transform-es2015-parameters@6.24.1
75 silly currentTree ├── babel-plugin-transform-es2015-shorthand-properties@6.24.1
75 silly currentTree ├── babel-plugin-transform-es2015-spread@6.22.0
75 silly currentTree ├── babel-plugin-transform-es2015-sticky-regex@6.24.1
75 silly currentTree ├── babel-plugin-transform-es2015-template-literals@6.22.0
75 silly currentTree ├── babel-plugin-transform-es2015-typeof-symbol@6.23.0
75 silly currentTree ├── babel-plugin-transform-es2015-unicode-regex@6.24.1
75 silly currentTree ├── babel-plugin-transform-exponentiation-operator@6.24.1
75 silly currentTree ├── babel-plugin-transform-flow-strip-types@6.22.0
75 silly currentTree ├── babel-plugin-transform-react-display-name@6.25.0
75 silly currentTree ├── babel-plugin-transform-react-jsx-self@6.22.0
75 silly currentTree ├── babel-plugin-transform-react-jsx-source@6.22.0
75 silly currentTree ├── babel-plugin-transform-react-jsx@6.24.1
75 silly currentTree ├── babel-plugin-transform-regenerator@6.26.0
75 silly currentTree ├── babel-plugin-transform-strict-mode@6.24.1
75 silly currentTree ├─┬ babel-preset-env@1.7.0
75 silly currentTree │ └── browserslist@3.2.8
75 silly currentTree ├── babel-preset-es2016-node5@1.1.2
75 silly currentTree ├── babel-preset-flow@6.23.0
75 silly currentTree ├── babel-preset-react@6.24.1
75 silly currentTree ├── babel-register@6.26.0
75 silly currentTree ├── babel-runtime@6.26.0
75 silly currentTree ├── babel-template@6.26.0
75 silly currentTree ├─┬ babel-traverse@6.26.0
75 silly currentTree │ ├── debug@2.6.9
75 silly currentTree │ └── ms@2.0.0
75 silly currentTree ├── babel-types@6.26.0
75 silly currentTree ├── babylon@6.18.0
75 silly currentTree ├── balanced-match@1.0.0
75 silly currentTree ├── bcrypt-pbkdf@1.0.2
75 silly currentTree ├── boolbase@1.0.0
75 silly currentTree ├── boom@2.10.1
75 silly currentTree ├── brace-expansion@1.1.11
75 silly currentTree ├── browserslist@1.7.7
75 silly currentTree ├── btoa@1.2.1
75 silly currentTree ├── buffer-crc32@0.2.13
75 silly currentTree ├── buffer-from@1.1.1
75 silly currentTree ├── camelcase-keys@2.1.0
75 silly currentTree ├── camelcase@2.1.1
75 silly currentTree ├── caniuse-api@1.6.1
75 silly currentTree ├── caniuse-db@1.0.30000951
75 silly currentTree ├── caniuse-lite@1.0.30000951
75 silly currentTree ├── caseless@0.12.0
75 silly currentTree ├── center-align@0.1.3
75 silly currentTree ├── chalk@1.1.3
75 silly currentTree ├── character-parser@1.2.1
75 silly currentTree ├── cheerio@0.20.0
75 silly currentTree ├── clap@1.2.3
75 silly currentTree ├─┬ clean-css@3.4.28
75 silly currentTree │ ├── commander@2.8.1
75 silly currentTree │ └── source-map@0.4.4
75 silly currentTree ├── cliui@3.2.0
75 silly currentTree ├── clone@1.0.4
75 silly currentTree ├── co@4.6.0
75 silly currentTree ├── coa@1.0.4
75 silly currentTree ├── code-point-at@1.1.0
75 silly currentTree ├── coffee-script@1.12.7
75 silly currentTree ├── color-convert@1.9.3
75 silly currentTree ├── color-name@1.1.3
75 silly currentTree ├── color-string@0.3.0
75 silly currentTree ├── color@0.11.4
75 silly currentTree ├── colormin@1.1.2
75 silly currentTree ├── colors@1.1.2
75 silly currentTree ├── combined-stream@1.0.7
75 silly currentTree ├── commander@2.19.0
75 silly currentTree ├── concat-map@0.0.1
75 silly currentTree ├─┬ concat-stream@1.6.2
75 silly currentTree │ ├── isarray@1.0.0
75 silly currentTree │ ├── readable-stream@2.3.6
75 silly currentTree │ └── string_decoder@1.1.1
75 silly currentTree ├── conf@2.2.0
75 silly currentTree ├── constantinople@3.0.2
75 silly currentTree ├── convert-source-map@1.6.0
75 silly currentTree ├── core-js@2.6.5
75 silly currentTree ├── core-util-is@1.0.2
75 silly currentTree ├── cryptiles@2.0.5
75 silly currentTree ├── crypto@1.0.1
75 silly currentTree ├── cson-parser@1.3.5
75 silly currentTree ├── cson@3.0.2
75 silly currentTree ├── css-color-names@0.0.4
75 silly currentTree ├── css-parse@1.0.4
75 silly currentTree ├── css-select@1.2.0
75 silly currentTree ├── css-stringify@1.0.5
75 silly currentTree ├── css-what@2.1.3
75 silly currentTree ├── css@1.0.8
75 silly currentTree ├── cssnano@3.10.0
75 silly currentTree ├── csso@2.3.2
75 silly currentTree ├── cssom@0.3.6
75 silly currentTree ├── cssstyle@0.2.37
75 silly currentTree ├── currently-unhandled@0.4.1
75 silly currentTree ├── dashdash@1.14.1
75 silly currentTree ├── de-indent@1.0.2
75 silly currentTree ├── debug@3.2.6
75 silly currentTree ├── decamelize@1.2.0
75 silly currentTree ├── deep-extend@0.6.0
75 silly currentTree ├── deep-is@0.1.3
75 silly currentTree ├── defined@1.0.0
75 silly currentTree ├── delayed-stream@1.0.0
75 silly currentTree ├── detect-indent@4.0.0
75 silly currentTree ├─┬ detective-less@1.0.2
75 silly currentTree │ └── debug@4.1.1
75 silly currentTree ├─┬ detective-sass@2.0.1
75 silly currentTree │ ├── gonzales-pe@3.4.7
75 silly currentTree │ ├── minimist@1.1.3
75 silly currentTree │ └── node-source-walk@3.3.0
75 silly currentTree ├─┬ detective-scss@1.0.1
75 silly currentTree │ ├── gonzales-pe@3.4.7
75 silly currentTree │ ├── minimist@1.1.3
75 silly currentTree │ └── node-source-walk@3.3.0
75 silly currentTree ├── detective-stylus@1.0.0
75 silly currentTree ├── dom-serializer@0.1.1
75 silly currentTree ├── domelementtype@1.3.1
75 silly currentTree ├── domhandler@2.3.0
75 silly currentTree ├── domutils@1.5.1
75 silly currentTree ├── dot-prop@4.2.0
75 silly currentTree ├── eachr@3.2.0
75 silly currentTree ├── ecc-jsbn@0.1.2
75 silly currentTree ├── editions@1.3.4
75 silly currentTree ├─┬ electron-compile@6.4.4
75 silly currentTree │ ├── @types/node@7.10.5
75 silly currentTree │ ├── debug@2.6.9
75 silly currentTree │ ├── ms@2.0.0
75 silly currentTree │ └── yargs@4.8.1
75 silly currentTree ├─┬ electron-compilers@5.9.0
75 silly currentTree │ ├── debug@2.6.9
75 silly currentTree │ └── ms@2.0.0
75 silly currentTree ├─┬ electron-download@4.1.1
75 silly currentTree │ └── fs-extra@4.0.3
75 silly currentTree ├─┬ electron-prebuilt-compile@4.0.0
75 silly currentTree │ ├── @types/node@8.10.45
75 silly currentTree │ └── electron@4.0.0
75 silly currentTree ├── electron-store@2.0.0
75 silly currentTree ├── electron-to-chromium@1.3.119
75 silly currentTree ├── electron@4.1.1
75 silly currentTree ├── entities@1.1.2
75 silly currentTree ├── env-paths@1.0.0
75 silly currentTree ├─┬ errlop@1.1.1
75 silly currentTree │ └── editions@2.1.3
75 silly currentTree ├── errno@0.1.7
75 silly currentTree ├── error-ex@1.3.2
75 silly currentTree ├── es6-promise@3.3.1
75 silly currentTree ├── escape-string-regexp@1.0.5
75 silly currentTree ├─┬ escodegen@1.11.1
75 silly currentTree │ ├── esprima@3.1.3
75 silly currentTree │ └── source-map@0.6.1
75 silly currentTree ├── esprima@2.7.3
75 silly currentTree ├── estraverse@4.2.0
75 silly currentTree ├── esutils@2.0.2
75 silly currentTree ├── extend@3.0.2
75 silly currentTree ├── extract-opts@3.3.1
75 silly currentTree ├─┬ extract-zip@1.6.7
75 silly currentTree │ ├── debug@2.6.9
75 silly currentTree │ └── ms@2.0.0
75 silly currentTree ├── extsprintf@1.3.0
75 silly currentTree ├── fast-deep-equal@2.0.1
75 silly currentTree ├── fast-json-stable-stringify@2.0.0
75 silly currentTree ├── fast-levenshtein@2.0.6
75 silly currentTree ├── fd-slicer@1.0.1
75 silly currentTree ├─┬ find-up@1.1.2
75 silly currentTree │ └── path-exists@2.1.0
75 silly currentTree ├── flatten@1.0.2
75 silly currentTree ├── forever-agent@0.6.1
75 silly currentTree ├── form-data@2.3.3
75 silly currentTree ├── fs-extra@7.0.1
75 silly currentTree ├── fs.realpath@1.0.0
75 silly currentTree ├── function-bind@1.1.1
75 silly currentTree ├── get-caller-file@1.0.3
75 silly currentTree ├── get-stdin@4.0.1
75 silly currentTree ├── getpass@0.1.7
75 silly currentTree ├── glob@7.1.3
75 silly currentTree ├── globals@9.18.0
75 silly currentTree ├─┬ gonzales-pe@4.2.4
75 silly currentTree │ └── minimist@1.1.3
75 silly currentTree ├── graceful-fs@4.1.15
75 silly currentTree ├── graceful-readlink@1.0.1
75 silly currentTree ├── graphql-tag@2.10.1
75 silly currentTree ├── graphql@0.9.6
75 silly currentTree ├─┬ handlebars@4.1.1
75 silly currentTree │ └── source-map@0.6.1
75 silly currentTree ├── har-schema@2.0.0
75 silly currentTree ├── har-validator@5.1.3
75 silly currentTree ├── has-ansi@2.0.0
75 silly currentTree ├── has-flag@1.0.0
75 silly currentTree ├── has@1.0.3
75 silly currentTree ├── hash-sum@1.0.2
75 silly currentTree ├── hawk@3.1.3
75 silly currentTree ├── he@1.2.0
75 silly currentTree ├── hoek@2.16.3
75 silly currentTree ├── home-or-tmp@2.0.0
75 silly currentTree ├── hosted-git-info@2.7.1
75 silly currentTree ├── html-comment-regex@1.1.2
75 silly currentTree ├─┬ htmlparser2@3.8.3
75 silly currentTree │ └── entities@1.0.0
75 silly currentTree ├── http-signature@1.2.0
75 silly currentTree ├── image-size@0.5.5
75 silly currentTree ├── imurmurhash@0.1.4
75 silly currentTree ├── indent-string@2.1.0
75 silly currentTree ├── indexes-of@1.0.1
75 silly currentTree ├── inflight@1.0.6
75 silly currentTree ├── inherits@2.0.3
75 silly currentTree ├── ini@1.3.5
75 silly currentTree ├── invariant@2.2.4
75 silly currentTree ├── invert-kv@1.0.0
75 silly currentTree ├── is-absolute-url@2.1.0
75 silly currentTree ├── is-arrayish@0.2.1
75 silly currentTree ├── is-buffer@1.1.6
75 silly currentTree ├── is-finite@1.0.2
75 silly currentTree ├── is-fullwidth-code-point@1.0.0
75 silly currentTree ├── is-obj@1.0.1
75 silly currentTree ├── is-plain-obj@1.1.0
75 silly currentTree ├── is-promise@2.1.0
75 silly currentTree ├── is-relative-path@1.0.2
75 silly currentTree ├── is-svg@2.1.0
75 silly currentTree ├── is-typedarray@1.0.0
75 silly currentTree ├── is-utf8@0.2.1
75 silly currentTree ├── isarray@0.0.1
75 silly currentTree ├── isexe@2.0.0
75 silly currentTree ├── isstream@0.1.2
75 silly currentTree ├─┬ istanbul@0.4.5
75 silly currentTree │ ├── escodegen@1.8.1
75 silly currentTree │ ├── estraverse@1.9.3
75 silly currentTree │ ├── glob@5.0.15
75 silly currentTree │ ├── resolve@1.1.7
75 silly currentTree │ ├── source-map@0.2.0
75 silly currentTree │ └── supports-color@3.2.3
75 silly currentTree ├── iterall@1.2.2
75 silly currentTree ├─┬ jade@1.11.0
75 silly currentTree │ ├── camelcase@1.2.1
75 silly currentTree │ ├── cliui@2.1.0
75 silly currentTree │ ├── commander@2.6.0
75 silly currentTree │ ├── uglify-js@2.8.29
75 silly currentTree │ ├── window-size@0.1.0
75 silly currentTree │ ├── wordwrap@0.0.2
75 silly currentTree │ └── yargs@3.10.0
75 silly currentTree ├── js-base64@2.5.1
75 silly currentTree ├── js-string-escape@1.0.1
75 silly currentTree ├── js-tokens@3.0.2
75 silly currentTree ├── js-yaml@3.7.0
75 silly currentTree ├── jsbn@0.1.1
75 silly currentTree ├── jsdom@7.2.2
75 silly currentTree ├── jsesc@0.5.0
75 silly currentTree ├── json-schema-traverse@0.4.1
75 silly currentTree ├── json-schema@0.2.3
75 silly currentTree ├── json-stable-stringify@1.0.1
75 silly currentTree ├── json-stringify-safe@5.0.1
75 silly currentTree ├── json5@0.5.1
75 silly currentTree ├── jsonfile@4.0.0
75 silly currentTree ├── jsonify@0.0.0
75 silly currentTree ├── jsprim@1.4.1
75 silly currentTree ├── jstransformer@0.0.2
75 silly currentTree ├── kind-of@3.2.2
75 silly currentTree ├── lazy-cache@1.0.4
75 silly currentTree ├── lcid@1.0.0
75 silly currentTree ├─┬ less@2.7.3
75 silly currentTree │ ├── ajv@4.11.8
75 silly currentTree │ ├── asap@2.0.6
75 silly currentTree │ ├── assert-plus@0.2.0
75 silly currentTree │ ├── aws-sign2@0.6.0
75 silly currentTree │ ├── form-data@2.1.4
75 silly currentTree │ ├── har-schema@1.0.5
75 silly currentTree │ ├── har-validator@4.2.1
75 silly currentTree │ ├── http-signature@1.1.1
75 silly currentTree │ ├── oauth-sign@0.8.2
75 silly currentTree │ ├── performance-now@0.2.0
75 silly currentTree │ ├── promise@7.3.1
75 silly currentTree │ ├── punycode@1.4.1
75 silly currentTree │ ├── qs@6.4.0
75 silly currentTree │ ├── request@2.81.0
75 silly currentTree │ └── tough-cookie@2.3.4
75 silly currentTree ├── levn@0.3.0
75 silly currentTree ├── load-json-file@1.1.0
75 silly currentTree ├── locate-path@2.0.0
75 silly currentTree ├── lodash.assign@4.2.0
75 silly currentTree ├── lodash.memoize@4.1.2
75 silly currentTree ├── lodash.uniq@4.5.0
75 silly currentTree ├── lodash@4.17.11
75 silly currentTree ├── longest@1.0.1
75 silly currentTree ├── loose-envify@1.4.0
75 silly currentTree ├── loud-rejection@1.6.0
75 silly currentTree ├── lru-cache@4.1.5
75 silly currentTree ├─┬ make-dir@1.3.0
75 silly currentTree │ └── pify@3.0.0
75 silly currentTree ├── map-obj@1.0.1
75 silly currentTree ├── math-expression-evaluator@1.2.17
75 silly currentTree ├── meow@3.7.0
75 silly currentTree ├── mime-db@1.38.0
75 silly currentTree ├── mime-types@2.1.22
75 silly currentTree ├── mime@1.6.0
75 silly currentTree ├── minimatch@3.0.4
75 silly currentTree ├── minimist@1.2.0
75 silly currentTree ├─┬ mkdirp@0.5.1
75 silly currentTree │ └── minimist@0.0.8
75 silly currentTree ├── ms@2.1.1
75 silly currentTree ├── neo-async@2.6.0
75 silly currentTree ├── nib@1.1.2
75 silly currentTree ├── node-source-walk@4.2.0
75 silly currentTree ├── nopt@3.0.6
75 silly currentTree ├── normalize-package-data@2.5.0
75 silly currentTree ├── normalize-range@0.1.2
75 silly currentTree ├── normalize-url@1.9.1
75 silly currentTree ├── nth-check@1.0.2
75 silly currentTree ├─┬ nugget@2.0.1
75 silly currentTree │ ├── debug@2.6.9
75 silly currentTree │ └── ms@2.0.0
75 silly currentTree ├── num2fraction@1.2.2
75 silly currentTree ├── number-is-nan@1.0.1
75 silly currentTree ├── nwmatcher@1.4.4
75 silly currentTree ├── oauth-sign@0.9.0
75 silly currentTree ├── object-assign@4.1.1
75 silly currentTree ├── object-keys@0.4.0
75 silly currentTree ├── once@1.4.0
75 silly currentTree ├─┬ optimist@0.6.1
75 silly currentTree │ ├── minimist@0.0.10
75 silly currentTree │ └── wordwrap@0.0.3
75 silly currentTree ├── optionator@0.8.2
75 silly currentTree ├── os-homedir@1.0.2
75 silly currentTree ├── os-locale@1.4.0
75 silly currentTree ├── os-tmpdir@1.0.2
75 silly currentTree ├── p-limit@1.3.0
75 silly currentTree ├── p-locate@2.0.0
75 silly currentTree ├── p-try@1.0.0
75 silly currentTree ├── parse-json@2.2.0
75 silly currentTree ├── parse5@1.5.1
75 silly currentTree ├── password-hash@1.2.2
75 silly currentTree ├── path-exists@3.0.0
75 silly currentTree ├── path-is-absolute@1.0.1
75 silly currentTree ├── path-parse@1.0.6
75 silly currentTree ├── path-type@1.1.0
75 silly currentTree ├── pend@1.2.0
75 silly currentTree ├── performance-now@2.1.0
75 silly currentTree ├── pify@2.3.0
75 silly currentTree ├── pinkie-promise@2.0.1
75 silly currentTree ├── pinkie@2.0.4
75 silly currentTree ├─┬ pkg-up@2.0.0
75 silly currentTree │ └── find-up@2.1.0
75 silly currentTree ├── postcss-calc@5.3.1
75 silly currentTree ├── postcss-colormin@2.2.2
75 silly currentTree ├── postcss-convert-values@2.6.1
75 silly currentTree ├── postcss-discard-comments@2.0.4
75 silly currentTree ├── postcss-discard-duplicates@2.1.0
75 silly currentTree ├── postcss-discard-empty@2.1.0
75 silly currentTree ├── postcss-discard-overridden@0.1.1
75 silly currentTree ├── postcss-discard-unused@2.2.3
75 silly currentTree ├── postcss-filter-plugins@2.0.3
75 silly currentTree ├── postcss-merge-idents@2.1.7
75 silly currentTree ├── postcss-merge-longhand@2.0.2
75 silly currentTree ├── postcss-merge-rules@2.1.2
75 silly currentTree ├── postcss-message-helpers@2.0.0
75 silly currentTree ├── postcss-minify-font-values@1.0.5
75 silly currentTree ├── postcss-minify-gradients@1.0.5
75 silly currentTree ├── postcss-minify-params@1.2.2
75 silly currentTree ├── postcss-minify-selectors@2.1.1
75 silly currentTree ├── postcss-normalize-charset@1.1.1
75 silly currentTree ├── postcss-normalize-url@3.0.8
75 silly currentTree ├── postcss-ordered-values@2.2.3
75 silly currentTree ├── postcss-reduce-idents@2.4.0
75 silly currentTree ├── postcss-reduce-initial@1.0.1
75 silly currentTree ├── postcss-reduce-transforms@1.0.4
75 silly currentTree ├── postcss-selector-parser@2.2.3
75 silly currentTree ├── postcss-svgo@2.1.6
75 silly currentTree ├── postcss-unique-selectors@2.0.2
75 silly currentTree ├── postcss-value-parser@3.3.1
75 silly currentTree ├── postcss-zindex@2.2.0
75 silly currentTree ├─┬ postcss@5.2.18
75 silly currentTree │ └── supports-color@3.2.3
75 silly currentTree ├── prelude-ls@1.1.2
75 silly currentTree ├── prepend-http@1.0.4
75 silly currentTree ├── pretty-bytes@1.0.4
75 silly currentTree ├── private@0.1.8
75 silly currentTree ├── process-nextick-args@2.0.0
75 silly currentTree ├── progress-stream@1.2.0
75 silly currentTree ├── promise@6.1.0
75 silly currentTree ├── prr@1.0.1
75 silly currentTree ├── pseudomap@1.0.2
75 silly currentTree ├── psl@1.1.31
75 silly currentTree ├── punycode@2.1.1
75 silly currentTree ├── q@1.5.1
75 silly currentTree ├── qs@6.5.2
75 silly currentTree ├── query-string@4.3.4
75 silly currentTree ├── rc@1.2.8
75 silly currentTree ├── read-pkg-up@1.0.1
75 silly currentTree ├── read-pkg@1.1.0
75 silly currentTree ├── readable-stream@1.1.14
75 silly currentTree ├── redent@1.0.0
75 silly currentTree ├─┬ reduce-css-calc@1.3.0
75 silly currentTree │ └── balanced-match@0.4.2
75 silly currentTree ├─┬ reduce-function-call@1.0.2
75 silly currentTree │ └── balanced-match@0.4.2
75 silly currentTree ├── regenerate@1.4.0
75 silly currentTree ├── regenerator-runtime@0.11.1
75 silly currentTree ├── regenerator-transform@0.10.1
75 silly currentTree ├── regexpu-core@2.0.0
75 silly currentTree ├── regjsgen@0.2.0
75 silly currentTree ├── regjsparser@0.1.5
75 silly currentTree ├── repeat-string@1.6.1
75 silly currentTree ├── repeating@2.0.1
75 silly currentTree ├── request@2.88.0
75 silly currentTree ├── require-directory@2.1.1
75 silly currentTree ├── require-main-filename@1.0.1
75 silly currentTree ├─┬ requirefresh@2.2.0
75 silly currentTree │ └── editions@2.1.3
75 silly currentTree ├── resolve@1.10.0
75 silly currentTree ├── right-align@0.1.3
75 silly currentTree ├── rimraf@2.6.3
75 silly currentTree ├── rxjs@5.5.12
75 silly currentTree ├── safe-buffer@5.1.2
75 silly currentTree ├── safefs@4.1.0
75 silly currentTree ├── safer-buffer@2.1.2
75 silly currentTree ├── sander@0.5.1
75 silly currentTree ├─┬ sass-lookup@1.1.0
75 silly currentTree │ └── commander@2.8.1
75 silly currentTree ├── sass.js@0.10.13
75 silly currentTree ├── sax@1.2.4
75 silly currentTree ├── semver@5.6.0
75 silly currentTree ├── set-blocking@2.0.0
75 silly currentTree ├── signal-exit@3.0.2
75 silly currentTree ├── single-line-log@1.1.2
75 silly currentTree ├── slash@1.0.0
75 silly currentTree ├── sntp@1.0.9
75 silly currentTree ├── sorcery@0.10.0
75 silly currentTree ├── sort-keys@1.1.2
75 silly currentTree ├── source-map-support@0.4.18
75 silly currentTree ├── source-map@0.5.7
75 silly currentTree ├── sourcemap-codec@1.4.4
75 silly currentTree ├─┬ spawn-rx@2.0.12
75 silly currentTree │ ├── debug@2.6.9
75 silly currentTree │ └── ms@2.0.0
75 silly currentTree ├── spdx-correct@3.1.0
75 silly currentTree ├── spdx-exceptions@2.2.0
75 silly currentTree ├── spdx-expression-parse@3.0.0
75 silly currentTree ├── spdx-license-ids@3.0.3
75 silly currentTree ├── speedometer@0.1.4
75 silly currentTree ├── sprintf-js@1.0.3
75 silly currentTree ├── sshpk@1.16.1
75 silly currentTree ├── strict-uri-encode@1.1.0
75 silly currentTree ├── string_decoder@0.10.31
75 silly currentTree ├── string-width@1.0.2
75 silly currentTree ├── stringstream@0.0.6
75 silly currentTree ├── strip-ansi@3.0.1
75 silly currentTree ├── strip-bom@2.0.0
75 silly currentTree ├── strip-indent@1.0.1
75 silly currentTree ├── strip-json-comments@2.0.1
75 silly currentTree ├─┬ stylus-lookup@1.0.2
75 silly currentTree │ └── commander@2.8.1
75 silly currentTree ├─┬ stylus@0.54.5
75 silly currentTree │ ├── css-parse@1.7.0
75 silly currentTree │ ├── glob@7.0.6
75 silly currentTree │ ├── sax@0.5.8
75 silly currentTree │ └── source-map@0.1.43
75 silly currentTree ├─┬ sumchecker@2.0.2
75 silly currentTree │ ├── debug@2.6.9
75 silly currentTree │ └── ms@2.0.0
75 silly currentTree ├── supports-color@2.0.0
75 silly currentTree ├── svgo@0.7.2
75 silly currentTree ├── symbol-observable@1.0.1
75 silly currentTree ├── symbol-tree@3.2.2
75 silly currentTree ├── synchronous-promise@1.0.18
75 silly currentTree ├── throttleit@0.0.2
75 silly currentTree ├── through@2.3.8
75 silly currentTree ├── through2@0.2.3
75 silly currentTree ├── to-fast-properties@1.0.3
75 silly currentTree ├─┬ tough-cookie@2.4.3
75 silly currentTree │ └── punycode@1.4.1
75 silly currentTree ├─┬ toutsuite@0.6.0
75 silly currentTree │ ├── debug@2.6.9
75 silly currentTree │ └── ms@2.0.0
75 silly currentTree ├── tr46@0.0.3
75 silly currentTree ├─┬ transformers@2.1.0
75 silly currentTree │ ├── is-promise@1.0.1
75 silly currentTree │ ├── optimist@0.3.7
75 silly currentTree │ ├── promise@2.0.0
75 silly currentTree │ ├── source-map@0.1.43
75 silly currentTree │ ├── uglify-js@2.2.5
75 silly currentTree │ └── wordwrap@0.0.3
75 silly currentTree ├── trim-newlines@1.0.0
75 silly currentTree ├── trim-right@1.0.1
75 silly currentTree ├── tunnel-agent@0.6.0
75 silly currentTree ├── tweetnacl@0.14.5
75 silly currentTree ├── type-check@0.3.2
75 silly currentTree ├─┬ typechecker@4.7.0
75 silly currentTree │ └── editions@2.1.3
75 silly currentTree ├── typedarray@0.0.6
75 silly currentTree ├── typescript@3.3.4000
75 silly currentTree ├─┬ uglify-js@3.5.2
75 silly currentTree │ └── source-map@0.6.1
75 silly currentTree ├── uglify-to-browserify@1.0.2
75 silly currentTree ├── uniq@1.0.1
75 silly currentTree ├── uniqs@2.0.0
75 silly currentTree ├── universalify@0.1.2
75 silly currentTree ├── uri-js@4.2.2
75 silly currentTree ├── util-deprecate@1.0.2
75 silly currentTree ├── uuid@3.3.2
75 silly currentTree ├── validate-npm-package-license@3.0.4
75 silly currentTree ├── vendors@1.0.2
75 silly currentTree ├── verror@1.10.0
75 silly currentTree ├── void-elements@2.0.1
75 silly currentTree ├── vue-hot-reload-api@2.3.3
75 silly currentTree ├── vue-template-compiler@2.6.10
75 silly currentTree ├── vue-template-es2015-compiler@1.9.1
75 silly currentTree ├── webidl-conversions@2.0.1
75 silly currentTree ├── whatwg-url-compat@0.6.5
75 silly currentTree ├── whet.extend@0.9.9
75 silly currentTree ├── which-module@1.0.0
75 silly currentTree ├── which@1.3.1
75 silly currentTree ├── window-size@0.2.0
75 silly currentTree ├─┬ with@4.0.3
75 silly currentTree │ └── acorn@1.2.2
75 silly currentTree ├── wordwrap@1.0.0
75 silly currentTree ├── wrap-ansi@2.1.0
75 silly currentTree ├── wrappy@1.0.2
75 silly currentTree ├── write-file-atomic@2.4.2
75 silly currentTree ├── xml-name-validator@2.0.1
75 silly currentTree ├── xtend@2.1.2
75 silly currentTree ├── y18n@3.2.1
75 silly currentTree ├── yallist@2.1.2
75 silly currentTree ├─┬ yargs-parser@2.4.1
75 silly currentTree │ └── camelcase@3.0.0
75 silly currentTree ├─┬ yargs@6.6.0
75 silly currentTree │ ├── camelcase@3.0.0
75 silly currentTree │ └── yargs-parser@4.2.1
75 silly currentTree └── yauzl@2.4.1
76 silly idealTree electron-quick-start@1.0.0
76 silly idealTree ├── @babel/parser@7.4.2
76 silly idealTree ├── @chilkat/ck-electron4-linux64@9.50.77
76 silly idealTree ├── @chilkat/ck-node11-linux64@9.50.77
76 silly idealTree ├── @paulcbetts/mime-db@1.22.4
76 silly idealTree ├── @paulcbetts/mime-types@2.1.10
76 silly idealTree ├── @paulcbetts/vueify@9.4.3
76 silly idealTree ├── @types/node@10.14.3
76 silly idealTree ├── abab@1.0.4
76 silly idealTree ├── abbrev@1.0.9
76 silly idealTree ├── acorn-globals@1.0.9
76 silly idealTree ├── acorn@2.7.0
76 silly idealTree ├── ajv@6.10.0
76 silly idealTree ├── align-text@0.1.4
76 silly idealTree ├── alphanum-sort@1.0.2
76 silly idealTree ├── amdefine@1.0.1
76 silly idealTree ├── ansi-regex@2.1.1
76 silly idealTree ├── ansi-styles@2.2.1
76 silly idealTree ├── argparse@1.0.10
76 silly idealTree ├── array-find-index@1.0.2
76 silly idealTree ├── asap@1.0.0
76 silly idealTree ├── asn1@0.2.4
76 silly idealTree ├── assert-plus@1.0.0
76 silly idealTree ├── async@1.5.2
76 silly idealTree ├── asynckit@0.4.0
76 silly idealTree ├── autoprefixer@6.7.7
76 silly idealTree ├── aws-sign2@0.7.0
76 silly idealTree ├── aws4@1.8.0
76 silly idealTree ├── babel-code-frame@6.26.0
76 silly idealTree ├─┬ babel-core@6.26.3
76 silly idealTree │ ├── debug@2.6.9
76 silly idealTree │ └── ms@2.0.0
76 silly idealTree ├─┬ babel-generator@6.26.1
76 silly idealTree │ └── jsesc@1.3.0
76 silly idealTree ├── babel-helper-builder-binary-assignment-operator-visitor@6.24.1
76 silly idealTree ├── babel-helper-builder-react-jsx@6.26.0
76 silly idealTree ├── babel-helper-call-delegate@6.24.1
76 silly idealTree ├── babel-helper-define-map@6.26.0
76 silly idealTree ├── babel-helper-explode-assignable-expression@6.24.1
76 silly idealTree ├── babel-helper-function-name@6.24.1
76 silly idealTree ├── babel-helper-get-function-arity@6.24.1
76 silly idealTree ├── babel-helper-hoist-variables@6.24.1
76 silly idealTree ├── babel-helper-optimise-call-expression@6.24.1
76 silly idealTree ├── babel-helper-regex@6.26.0
76 silly idealTree ├── babel-helper-remap-async-to-generator@6.24.1
76 silly idealTree ├── babel-helper-replace-supers@6.24.1
76 silly idealTree ├── babel-helpers@6.24.1
76 silly idealTree ├── babel-messages@6.23.0
76 silly idealTree ├── babel-plugin-array-includes@2.0.3
76 silly idealTree ├── babel-plugin-check-es2015-constants@6.22.0
76 silly idealTree ├── babel-plugin-syntax-async-functions@6.13.0
76 silly idealTree ├── babel-plugin-syntax-async-generators@6.13.0
76 silly idealTree ├── babel-plugin-syntax-exponentiation-operator@6.13.0
76 silly idealTree ├── babel-plugin-syntax-flow@6.18.0
76 silly idealTree ├── babel-plugin-syntax-jsx@6.18.0
76 silly idealTree ├── babel-plugin-syntax-trailing-function-commas@6.22.0
76 silly idealTree ├── babel-plugin-transform-async-to-generator@6.24.1
76 silly idealTree ├── babel-plugin-transform-es2015-arrow-functions@6.22.0
76 silly idealTree ├── babel-plugin-transform-es2015-block-scoped-functions@6.22.0
76 silly idealTree ├── babel-plugin-transform-es2015-block-scoping@6.26.0
76 silly idealTree ├── babel-plugin-transform-es2015-classes@6.24.1
76 silly idealTree ├── babel-plugin-transform-es2015-computed-properties@6.24.1
76 silly idealTree ├── babel-plugin-transform-es2015-destructuring@6.23.0
76 silly idealTree ├── babel-plugin-transform-es2015-duplicate-keys@6.24.1
76 silly idealTree ├── babel-plugin-transform-es2015-for-of@6.23.0
76 silly idealTree ├── babel-plugin-transform-es2015-function-name@6.24.1
76 silly idealTree ├── babel-plugin-transform-es2015-literals@6.22.0
76 silly idealTree ├── babel-plugin-transform-es2015-modules-amd@6.24.1
76 silly idealTree ├── babel-plugin-transform-es2015-modules-commonjs@6.26.2
76 silly idealTree ├── babel-plugin-transform-es2015-modules-systemjs@6.24.1
76 silly idealTree ├── babel-plugin-transform-es2015-modules-umd@6.24.1
76 silly idealTree ├── babel-plugin-transform-es2015-object-super@6.24.1
76 silly idealTree ├── babel-plugin-transform-es2015-parameters@6.24.1
76 silly idealTree ├── babel-plugin-transform-es2015-shorthand-properties@6.24.1
76 silly idealTree ├── babel-plugin-transform-es2015-spread@6.22.0
76 silly idealTree ├── babel-plugin-transform-es2015-sticky-regex@6.24.1
76 silly idealTree ├── babel-plugin-transform-es2015-template-literals@6.22.0
76 silly idealTree ├── babel-plugin-transform-es2015-typeof-symbol@6.23.0
76 silly idealTree ├── babel-plugin-transform-es2015-unicode-regex@6.24.1
76 silly idealTree ├── babel-plugin-transform-exponentiation-operator@6.24.1
76 silly idealTree ├── babel-plugin-transform-flow-strip-types@6.22.0
76 silly idealTree ├── babel-plugin-transform-react-display-name@6.25.0
76 silly idealTree ├── babel-plugin-transform-react-jsx-self@6.22.0
76 silly idealTree ├── babel-plugin-transform-react-jsx-source@6.22.0
76 silly idealTree ├── babel-plugin-transform-react-jsx@6.24.1
76 silly idealTree ├── babel-plugin-transform-regenerator@6.26.0
76 silly idealTree ├── babel-plugin-transform-strict-mode@6.24.1
76 silly idealTree ├─┬ babel-preset-env@1.7.0
76 silly idealTree │ └── browserslist@3.2.8
76 silly idealTree ├── babel-preset-es2016-node5@1.1.2
76 silly idealTree ├── babel-preset-flow@6.23.0
76 silly idealTree ├── babel-preset-react@6.24.1
76 silly idealTree ├── babel-register@6.26.0
76 silly idealTree ├── babel-runtime@6.26.0
76 silly idealTree ├── babel-template@6.26.0
76 silly idealTree ├─┬ babel-traverse@6.26.0
76 silly idealTree │ ├── debug@2.6.9
76 silly idealTree │ └── ms@2.0.0
76 silly idealTree ├── babel-types@6.26.0
76 silly idealTree ├── babylon@6.18.0
76 silly idealTree ├── balanced-match@1.0.0
76 silly idealTree ├── bcrypt-pbkdf@1.0.2
76 silly idealTree ├── boolbase@1.0.0
76 silly idealTree ├── boom@2.10.1
76 silly idealTree ├── brace-expansion@1.1.11
76 silly idealTree ├── browserslist@1.7.7
76 silly idealTree ├── btoa@1.2.1
76 silly idealTree ├── buffer-crc32@0.2.13
76 silly idealTree ├── buffer-from@1.1.1
76 silly idealTree ├── camelcase-keys@2.1.0
76 silly idealTree ├── camelcase@2.1.1
76 silly idealTree ├── caniuse-api@1.6.1
76 silly idealTree ├── caniuse-db@1.0.30000951
76 silly idealTree ├── caniuse-lite@1.0.30000951
76 silly idealTree ├── caseless@0.12.0
76 silly idealTree ├── center-align@0.1.3
76 silly idealTree ├── chalk@1.1.3
76 silly idealTree ├── character-parser@1.2.1
76 silly idealTree ├── cheerio@0.20.0
76 silly idealTree ├── clap@1.2.3
76 silly idealTree ├─┬ clean-css@3.4.28
76 silly idealTree │ ├── commander@2.8.1
76 silly idealTree │ └── source-map@0.4.4
76 silly idealTree ├── cliui@3.2.0
76 silly idealTree ├── clone@1.0.4
76 silly idealTree ├── co@4.6.0
76 silly idealTree ├── coa@1.0.4
76 silly idealTree ├── code-point-at@1.1.0
76 silly idealTree ├── coffee-script@1.12.7
76 silly idealTree ├── color-convert@1.9.3
76 silly idealTree ├── color-name@1.1.3
76 silly idealTree ├── color-string@0.3.0
76 silly idealTree ├── color@0.11.4
76 silly idealTree ├── colormin@1.1.2
76 silly idealTree ├── colors@1.1.2
76 silly idealTree ├── combined-stream@1.0.7
76 silly idealTree ├── commander@2.19.0
76 silly idealTree ├── concat-map@0.0.1
76 silly idealTree ├─┬ concat-stream@1.6.2
76 silly idealTree │ ├── isarray@1.0.0
76 silly idealTree │ ├── readable-stream@2.3.6
76 silly idealTree │ └── string_decoder@1.1.1
76 silly idealTree ├── conf@2.2.0
76 silly idealTree ├── constantinople@3.0.2
76 silly idealTree ├── convert-source-map@1.6.0
76 silly idealTree ├── core-js@2.6.5
76 silly idealTree ├── core-util-is@1.0.2
76 silly idealTree ├── cryptiles@2.0.5
76 silly idealTree ├── crypto@1.0.1
76 silly idealTree ├── cson-parser@1.3.5
76 silly idealTree ├── cson@3.0.2
76 silly idealTree ├── css-color-names@0.0.4
76 silly idealTree ├── css-parse@1.0.4
76 silly idealTree ├── css-select@1.2.0
76 silly idealTree ├── css-stringify@1.0.5
76 silly idealTree ├── css-what@2.1.3
76 silly idealTree ├── css@1.0.8
76 silly idealTree ├── cssnano@3.10.0
76 silly idealTree ├── csso@2.3.2
76 silly idealTree ├── cssom@0.3.6
76 silly idealTree ├── cssstyle@0.2.37
76 silly idealTree ├── currently-unhandled@0.4.1
76 silly idealTree ├── dashdash@1.14.1
76 silly idealTree ├── de-indent@1.0.2
76 silly idealTree ├── debug@3.2.6
76 silly idealTree ├── decamelize@1.2.0
76 silly idealTree ├── deep-extend@0.6.0
76 silly idealTree ├── deep-is@0.1.3
76 silly idealTree ├── defined@1.0.0
76 silly idealTree ├── delayed-stream@1.0.0
76 silly idealTree ├── detect-indent@4.0.0
76 silly idealTree ├─┬ detective-less@1.0.2
76 silly idealTree │ └── debug@4.1.1
76 silly idealTree ├─┬ detective-sass@2.0.1
76 silly idealTree │ ├── gonzales-pe@3.4.7
76 silly idealTree │ ├── minimist@1.1.3
76 silly idealTree │ └── node-source-walk@3.3.0
76 silly idealTree ├─┬ detective-scss@1.0.1
76 silly idealTree │ ├── gonzales-pe@3.4.7
76 silly idealTree │ ├── minimist@1.1.3
76 silly idealTree │ └── node-source-walk@3.3.0
76 silly idealTree ├── detective-stylus@1.0.0
76 silly idealTree ├── dom-serializer@0.1.1
76 silly idealTree ├── domelementtype@1.3.1
76 silly idealTree ├── domhandler@2.3.0
76 silly idealTree ├── domutils@1.5.1
76 silly idealTree ├── dot-prop@4.2.0
76 silly idealTree ├── eachr@3.2.0
76 silly idealTree ├── ecc-jsbn@0.1.2
76 silly idealTree ├── editions@1.3.4
76 silly idealTree ├─┬ electron-compile@6.4.4
76 silly idealTree │ ├── @types/node@7.10.5
76 silly idealTree │ ├── debug@2.6.9
76 silly idealTree │ ├── ms@2.0.0
76 silly idealTree │ └── yargs@4.8.1
76 silly idealTree ├─┬ electron-compilers@5.9.0
76 silly idealTree │ ├── debug@2.6.9
76 silly idealTree │ └── ms@2.0.0
76 silly idealTree ├─┬ electron-download@4.1.1
76 silly idealTree │ └── fs-extra@4.0.3
76 silly idealTree ├─┬ electron-prebuilt-compile@4.0.0
76 silly idealTree │ ├── @types/node@8.10.45
76 silly idealTree │ └── electron@4.0.0
76 silly idealTree ├── electron-store@2.0.0
76 silly idealTree ├── electron-to-chromium@1.3.119
76 silly idealTree ├── electron@4.1.1
76 silly idealTree ├── entities@1.1.2
76 silly idealTree ├── env-paths@1.0.0
76 silly idealTree ├─┬ errlop@1.1.1
76 silly idealTree │ └── editions@2.1.3
76 silly idealTree ├── errno@0.1.7
76 silly idealTree ├── error-ex@1.3.2
76 silly idealTree ├── es6-promise@3.3.1
76 silly idealTree ├── escape-string-regexp@1.0.5
76 silly idealTree ├─┬ escodegen@1.11.1
76 silly idealTree │ ├── esprima@3.1.3
76 silly idealTree │ └── source-map@0.6.1
76 silly idealTree ├── esprima@2.7.3
76 silly idealTree ├── estraverse@4.2.0
76 silly idealTree ├── esutils@2.0.2
76 silly idealTree ├── extend@3.0.2
76 silly idealTree ├── extract-opts@3.3.1
76 silly idealTree ├─┬ extract-zip@1.6.7
76 silly idealTree │ ├── debug@2.6.9
76 silly idealTree │ └── ms@2.0.0
76 silly idealTree ├── extsprintf@1.3.0
76 silly idealTree ├── fast-deep-equal@2.0.1
76 silly idealTree ├── fast-json-stable-stringify@2.0.0
76 silly idealTree ├── fast-levenshtein@2.0.6
76 silly idealTree ├── fd-slicer@1.0.1
76 silly idealTree ├─┬ find-up@1.1.2
76 silly idealTree │ └── path-exists@2.1.0
76 silly idealTree ├── flatten@1.0.2
76 silly idealTree ├── forever-agent@0.6.1
76 silly idealTree ├── form-data@2.3.3
76 silly idealTree ├── fs-extra@7.0.1
76 silly idealTree ├── fs.realpath@1.0.0
76 silly idealTree ├── function-bind@1.1.1
76 silly idealTree ├── get-caller-file@1.0.3
76 silly idealTree ├── get-stdin@4.0.1
76 silly idealTree ├── getpass@0.1.7
76 silly idealTree ├── glob@7.1.3
76 silly idealTree ├── globals@9.18.0
76 silly idealTree ├─┬ gonzales-pe@4.2.4
76 silly idealTree │ └── minimist@1.1.3
76 silly idealTree ├── graceful-fs@4.1.15
76 silly idealTree ├── graceful-readlink@1.0.1
76 silly idealTree ├── graphql-tag@2.10.1
76 silly idealTree ├── graphql@0.9.6
76 silly idealTree ├─┬ handlebars@4.1.1
76 silly idealTree │ └── source-map@0.6.1
76 silly idealTree ├── har-schema@2.0.0
76 silly idealTree ├── har-validator@5.1.3
76 silly idealTree ├── has-ansi@2.0.0
76 silly idealTree ├── has-flag@1.0.0
76 silly idealTree ├── has@1.0.3
76 silly idealTree ├── hash-sum@1.0.2
76 silly idealTree ├── hawk@3.1.3
76 silly idealTree ├── he@1.2.0
76 silly idealTree ├── hoek@2.16.3
76 silly idealTree ├── home-or-tmp@2.0.0
76 silly idealTree ├── hosted-git-info@2.7.1
76 silly idealTree ├── html-comment-regex@1.1.2
76 silly idealTree ├─┬ htmlparser2@3.8.3
76 silly idealTree │ └── entities@1.0.0
76 silly idealTree ├── http-signature@1.2.0
76 silly idealTree ├── image-size@0.5.5
76 silly idealTree ├── imurmurhash@0.1.4
76 silly idealTree ├── indent-string@2.1.0
76 silly idealTree ├── indexes-of@1.0.1
76 silly idealTree ├── inflight@1.0.6
76 silly idealTree ├── inherits@2.0.3
76 silly idealTree ├── ini@1.3.5
76 silly idealTree ├── invariant@2.2.4
76 silly idealTree ├── invert-kv@1.0.0
76 silly idealTree ├── is-absolute-url@2.1.0
76 silly idealTree ├── is-arrayish@0.2.1
76 silly idealTree ├── is-buffer@1.1.6
76 silly idealTree ├── is-finite@1.0.2
76 silly idealTree ├── is-fullwidth-code-point@1.0.0
76 silly idealTree ├── is-obj@1.0.1
76 silly idealTree ├── is-plain-obj@1.1.0
76 silly idealTree ├── is-promise@2.1.0
76 silly idealTree ├── is-relative-path@1.0.2
76 silly idealTree ├── is-svg@2.1.0
76 silly idealTree ├── is-typedarray@1.0.0
76 silly idealTree ├── is-utf8@0.2.1
76 silly idealTree ├── isarray@0.0.1
76 silly idealTree ├── isexe@2.0.0
76 silly idealTree ├── isstream@0.1.2
76 silly idealTree ├─┬ istanbul@0.4.5
76 silly idealTree │ ├── escodegen@1.8.1
76 silly idealTree │ ├── estraverse@1.9.3
76 silly idealTree │ ├── glob@5.0.15
76 silly idealTree │ ├── resolve@1.1.7
76 silly idealTree │ ├── source-map@0.2.0
76 silly idealTree │ └── supports-color@3.2.3
76 silly idealTree ├── iterall@1.2.2
76 silly idealTree ├─┬ jade@1.11.0
76 silly idealTree │ ├── camelcase@1.2.1
76 silly idealTree │ ├── cliui@2.1.0
76 silly idealTree │ ├── commander@2.6.0
76 silly idealTree │ ├── uglify-js@2.8.29
76 silly idealTree │ ├── window-size@0.1.0
76 silly idealTree │ ├── wordwrap@0.0.2
76 silly idealTree │ └── yargs@3.10.0
76 silly idealTree ├── js-base64@2.5.1
76 silly idealTree ├── js-string-escape@1.0.1
76 silly idealTree ├── js-tokens@3.0.2
76 silly idealTree ├── js-yaml@3.7.0
76 silly idealTree ├── jsbn@0.1.1
76 silly idealTree ├── jsdom@7.2.2
76 silly idealTree ├── jsesc@0.5.0
76 silly idealTree ├── json-schema-traverse@0.4.1
76 silly idealTree ├── json-schema@0.2.3
76 silly idealTree ├── json-stable-stringify@1.0.1
76 silly idealTree ├── json-stringify-safe@5.0.1
76 silly idealTree ├── json5@0.5.1
76 silly idealTree ├── jsonfile@4.0.0
76 silly idealTree ├── jsonify@0.0.0
76 silly idealTree ├── jsprim@1.4.1
76 silly idealTree ├── jstransformer@0.0.2
76 silly idealTree ├── kind-of@3.2.2
76 silly idealTree ├── lazy-cache@1.0.4
76 silly idealTree ├── lcid@1.0.0
76 silly idealTree ├─┬ less@2.7.3
76 silly idealTree │ ├── ajv@4.11.8
76 silly idealTree │ ├── asap@2.0.6
76 silly idealTree │ ├── assert-plus@0.2.0
76 silly idealTree │ ├── aws-sign2@0.6.0
76 silly idealTree │ ├── form-data@2.1.4
76 silly idealTree │ ├── har-schema@1.0.5
76 silly idealTree │ ├── har-validator@4.2.1
76 silly idealTree │ ├── http-signature@1.1.1
76 silly idealTree │ ├── oauth-sign@0.8.2
76 silly idealTree │ ├── performance-now@0.2.0
76 silly idealTree │ ├── promise@7.3.1
76 silly idealTree │ ├── punycode@1.4.1
76 silly idealTree │ ├── qs@6.4.0
76 silly idealTree │ ├── request@2.81.0
76 silly idealTree │ └── tough-cookie@2.3.4
76 silly idealTree ├── levn@0.3.0
76 silly idealTree ├── load-json-file@1.1.0
76 silly idealTree ├── locate-path@2.0.0
76 silly idealTree ├── lodash.assign@4.2.0
76 silly idealTree ├── lodash.memoize@4.1.2
76 silly idealTree ├── lodash.uniq@4.5.0
76 silly idealTree ├── lodash@4.17.11
76 silly idealTree ├── longest@1.0.1
76 silly idealTree ├── loose-envify@1.4.0
76 silly idealTree ├── loud-rejection@1.6.0
76 silly idealTree ├── lru-cache@4.1.5
76 silly idealTree ├─┬ make-dir@1.3.0
76 silly idealTree │ └── pify@3.0.0
76 silly idealTree ├── map-obj@1.0.1
76 silly idealTree ├── math-expression-evaluator@1.2.17
76 silly idealTree ├── meow@3.7.0
76 silly idealTree ├── mime-db@1.38.0
76 silly idealTree ├── mime-types@2.1.22
76 silly idealTree ├── mime@1.6.0
76 silly idealTree ├── minimatch@3.0.4
76 silly idealTree ├── minimist@1.2.0
76 silly idealTree ├─┬ mkdirp@0.5.1
76 silly idealTree │ └── minimist@0.0.8
76 silly idealTree ├── ms@2.1.1
76 silly idealTree ├── neo-async@2.6.0
76 silly idealTree ├── nib@1.1.2
76 silly idealTree ├── node-source-walk@4.2.0
76 silly idealTree ├── nopt@3.0.6
76 silly idealTree ├── normalize-package-data@2.5.0
76 silly idealTree ├── normalize-range@0.1.2
76 silly idealTree ├── normalize-url@1.9.1
76 silly idealTree ├── nth-check@1.0.2
76 silly idealTree ├─┬ nugget@2.0.1
76 silly idealTree │ ├── debug@2.6.9
76 silly idealTree │ └── ms@2.0.0
76 silly idealTree ├── num2fraction@1.2.2
76 silly idealTree ├── number-is-nan@1.0.1
76 silly idealTree ├── nwmatcher@1.4.4
76 silly idealTree ├── oauth-sign@0.9.0
76 silly idealTree ├── object-assign@4.1.1
76 silly idealTree ├── object-keys@0.4.0
76 silly idealTree ├── once@1.4.0
76 silly idealTree ├─┬ optimist@0.6.1
76 silly idealTree │ ├── minimist@0.0.10
76 silly idealTree │ └── wordwrap@0.0.3
76 silly idealTree ├── optionator@0.8.2
76 silly idealTree ├── os-homedir@1.0.2
76 silly idealTree ├── os-locale@1.4.0
76 silly idealTree ├── os-tmpdir@1.0.2
76 silly idealTree ├── p-limit@1.3.0
76 silly idealTree ├── p-locate@2.0.0
76 silly idealTree ├── p-try@1.0.0
76 silly idealTree ├── parse-json@2.2.0
76 silly idealTree ├── parse5@1.5.1
76 silly idealTree ├── password-hash@1.2.2
76 silly idealTree ├── path-exists@3.0.0
76 silly idealTree ├── path-is-absolute@1.0.1
76 silly idealTree ├── path-parse@1.0.6
76 silly idealTree ├── path-type@1.1.0
76 silly idealTree ├── pend@1.2.0
76 silly idealTree ├── performance-now@2.1.0
76 silly idealTree ├── pify@2.3.0
76 silly idealTree ├── pinkie-promise@2.0.1
76 silly idealTree ├── pinkie@2.0.4
76 silly idealTree ├─┬ pkg-up@2.0.0
76 silly idealTree │ └── find-up@2.1.0
76 silly idealTree ├── postcss-calc@5.3.1
76 silly idealTree ├── postcss-colormin@2.2.2
76 silly idealTree ├── postcss-convert-values@2.6.1
76 silly idealTree ├── postcss-discard-comments@2.0.4
76 silly idealTree ├── postcss-discard-duplicates@2.1.0
76 silly idealTree ├── postcss-discard-empty@2.1.0
76 silly idealTree ├── postcss-discard-overridden@0.1.1
76 silly idealTree ├── postcss-discard-unused@2.2.3
76 silly idealTree ├── postcss-filter-plugins@2.0.3
76 silly idealTree ├── postcss-merge-idents@2.1.7
76 silly idealTree ├── postcss-merge-longhand@2.0.2
76 silly idealTree ├── postcss-merge-rules@2.1.2
76 silly idealTree ├── postcss-message-helpers@2.0.0
76 silly idealTree ├── postcss-minify-font-values@1.0.5
76 silly idealTree ├── postcss-minify-gradients@1.0.5
76 silly idealTree ├── postcss-minify-params@1.2.2
76 silly idealTree ├── postcss-minify-selectors@2.1.1
76 silly idealTree ├── postcss-normalize-charset@1.1.1
76 silly idealTree ├── postcss-normalize-url@3.0.8
76 silly idealTree ├── postcss-ordered-values@2.2.3
76 silly idealTree ├── postcss-reduce-idents@2.4.0
76 silly idealTree ├── postcss-reduce-initial@1.0.1
76 silly idealTree ├── postcss-reduce-transforms@1.0.4
76 silly idealTree ├── postcss-selector-parser@2.2.3
76 silly idealTree ├── postcss-svgo@2.1.6
76 silly idealTree ├── postcss-unique-selectors@2.0.2
76 silly idealTree ├── postcss-value-parser@3.3.1
76 silly idealTree ├── postcss-zindex@2.2.0
76 silly idealTree ├─┬ postcss@5.2.18
76 silly idealTree │ └── supports-color@3.2.3
76 silly idealTree ├── prelude-ls@1.1.2
76 silly idealTree ├── prepend-http@1.0.4
76 silly idealTree ├── pretty-bytes@1.0.4
76 silly idealTree ├── private@0.1.8
76 silly idealTree ├── process-nextick-args@2.0.0
76 silly idealTree ├── progress-stream@1.2.0
76 silly idealTree ├── promise@6.1.0
76 silly idealTree ├── prr@1.0.1
76 silly idealTree ├── pseudomap@1.0.2
76 silly idealTree ├── psl@1.1.31
76 silly idealTree ├── punycode@2.1.1
76 silly idealTree ├── q@1.5.1
76 silly idealTree ├── qs@6.5.2
76 silly idealTree ├── query-string@4.3.4
76 silly idealTree ├── rc@1.2.8
76 silly idealTree ├── read-pkg-up@1.0.1
76 silly idealTree ├── read-pkg@1.1.0
76 silly idealTree ├── readable-stream@1.1.14
76 silly idealTree ├── redent@1.0.0
76 silly idealTree ├─┬ reduce-css-calc@1.3.0
76 silly idealTree │ └── balanced-match@0.4.2
76 silly idealTree ├─┬ reduce-function-call@1.0.2
76 silly idealTree │ └── balanced-match@0.4.2
76 silly idealTree ├── regenerate@1.4.0
76 silly idealTree ├── regenerator-runtime@0.11.1
76 silly idealTree ├── regenerator-transform@0.10.1
76 silly idealTree ├── regexpu-core@2.0.0
76 silly idealTree ├── regjsgen@0.2.0
76 silly idealTree ├── regjsparser@0.1.5
76 silly idealTree ├── repeat-string@1.6.1
76 silly idealTree ├── repeating@2.0.1
76 silly idealTree ├── request@2.88.0
76 silly idealTree ├── require-directory@2.1.1
76 silly idealTree ├── require-main-filename@1.0.1
76 silly idealTree ├─┬ requirefresh@2.2.0
76 silly idealTree │ └── editions@2.1.3
76 silly idealTree ├── resolve@1.10.0
76 silly idealTree ├── right-align@0.1.3
76 silly idealTree ├── rimraf@2.6.3
76 silly idealTree ├── rxjs@5.5.12
76 silly idealTree ├── safe-buffer@5.1.2
76 silly idealTree ├── safefs@4.1.0
76 silly idealTree ├── safer-buffer@2.1.2
76 silly idealTree ├── sander@0.5.1
76 silly idealTree ├─┬ sass-lookup@1.1.0
76 silly idealTree │ └── commander@2.8.1
76 silly idealTree ├── sass.js@0.10.13
76 silly idealTree ├── sax@1.2.4
76 silly idealTree ├── semver@5.6.0
76 silly idealTree ├── set-blocking@2.0.0
76 silly idealTree ├── signal-exit@3.0.2
76 silly idealTree ├── single-line-log@1.1.2
76 silly idealTree ├── slash@1.0.0
76 silly idealTree ├── sntp@1.0.9
76 silly idealTree ├── sorcery@0.10.0
76 silly idealTree ├── sort-keys@1.1.2
76 silly idealTree ├── source-map-support@0.4.18
76 silly idealTree ├── source-map@0.5.7
76 silly idealTree ├── sourcemap-codec@1.4.4
76 silly idealTree ├─┬ spawn-rx@2.0.12
76 silly idealTree │ ├── debug@2.6.9
76 silly idealTree │ └── ms@2.0.0
76 silly idealTree ├── spdx-correct@3.1.0
76 silly idealTree ├── spdx-exceptions@2.2.0
76 silly idealTree ├── spdx-expression-parse@3.0.0
76 silly idealTree ├── spdx-license-ids@3.0.3
76 silly idealTree ├── speedometer@0.1.4
76 silly idealTree ├── sprintf-js@1.0.3
76 silly idealTree ├── sshpk@1.16.1
76 silly idealTree ├── strict-uri-encode@1.1.0
76 silly idealTree ├── string_decoder@0.10.31
76 silly idealTree ├── string-width@1.0.2
76 silly idealTree ├── stringstream@0.0.6
76 silly idealTree ├── strip-ansi@3.0.1
76 silly idealTree ├── strip-bom@2.0.0
76 silly idealTree ├── strip-indent@1.0.1
76 silly idealTree ├── strip-json-comments@2.0.1
76 silly idealTree ├─┬ stylus-lookup@1.0.2
76 silly idealTree │ └── commander@2.8.1
76 silly idealTree ├─┬ stylus@0.54.5
76 silly idealTree │ ├── css-parse@1.7.0
76 silly idealTree │ ├── glob@7.0.6
76 silly idealTree │ ├── sax@0.5.8
76 silly idealTree │ └── source-map@0.1.43
76 silly idealTree ├─┬ sumchecker@2.0.2
76 silly idealTree │ ├── debug@2.6.9
76 silly idealTree │ └── ms@2.0.0
76 silly idealTree ├── supports-color@2.0.0
76 silly idealTree ├── svgo@0.7.2
76 silly idealTree ├── symbol-observable@1.0.1
76 silly idealTree ├── symbol-tree@3.2.2
76 silly idealTree ├── synchronous-promise@1.0.18
76 silly idealTree ├── throttleit@0.0.2
76 silly idealTree ├── through@2.3.8
76 silly idealTree ├── through2@0.2.3
76 silly idealTree ├── to-fast-properties@1.0.3
76 silly idealTree ├─┬ tough-cookie@2.4.3
76 silly idealTree │ └── punycode@1.4.1
76 silly idealTree ├─┬ toutsuite@0.6.0
76 silly idealTree │ ├── debug@2.6.9
76 silly idealTree │ └── ms@2.0.0
76 silly idealTree ├── tr46@0.0.3
76 silly idealTree ├─┬ transformers@2.1.0
76 silly idealTree │ ├── is-promise@1.0.1
76 silly idealTree │ ├── optimist@0.3.7
76 silly idealTree │ ├── promise@2.0.0
76 silly idealTree │ ├── source-map@0.1.43
76 silly idealTree │ ├── uglify-js@2.2.5
76 silly idealTree │ └── wordwrap@0.0.3
76 silly idealTree ├── trim-newlines@1.0.0
76 silly idealTree ├── trim-right@1.0.1
76 silly idealTree ├── tunnel-agent@0.6.0
76 silly idealTree ├── tweetnacl@0.14.5
76 silly idealTree ├── type-check@0.3.2
76 silly idealTree ├─┬ typechecker@4.7.0
76 silly idealTree │ └── editions@2.1.3
76 silly idealTree ├── typedarray@0.0.6
76 silly idealTree ├── typescript@3.3.4000
76 silly idealTree ├─┬ uglify-js@3.5.2
76 silly idealTree │ └── source-map@0.6.1
76 silly idealTree ├── uglify-to-browserify@1.0.2
76 silly idealTree ├── uniq@1.0.1
76 silly idealTree ├── uniqs@2.0.0
76 silly idealTree ├── universalify@0.1.2
76 silly idealTree ├── uri-js@4.2.2
76 silly idealTree ├── util-deprecate@1.0.2
76 silly idealTree ├── uuid@3.3.2
76 silly idealTree ├── validate-npm-package-license@3.0.4
76 silly idealTree ├── vendors@1.0.2
76 silly idealTree ├── verror@1.10.0
76 silly idealTree ├── void-elements@2.0.1
76 silly idealTree ├── vue-hot-reload-api@2.3.3
76 silly idealTree ├── vue-template-compiler@2.6.10
76 silly idealTree ├── vue-template-es2015-compiler@1.9.1
76 silly idealTree ├── webidl-conversions@2.0.1
76 silly idealTree ├── whatwg-url-compat@0.6.5
76 silly idealTree ├── whet.extend@0.9.9
76 silly idealTree ├── which-module@1.0.0
76 silly idealTree ├── which@1.3.1
76 silly idealTree ├── window-size@0.2.0
76 silly idealTree ├─┬ with@4.0.3
76 silly idealTree │ └── acorn@1.2.2
76 silly idealTree ├── wordwrap@1.0.0
76 silly idealTree ├── wrap-ansi@2.1.0
76 silly idealTree ├── wrappy@1.0.2
76 silly idealTree ├── write-file-atomic@2.4.2
76 silly idealTree ├── xml-name-validator@2.0.1
76 silly idealTree ├── xtend@2.1.2
76 silly idealTree ├── y18n@3.2.1
76 silly idealTree ├── yallist@2.1.2
76 silly idealTree ├─┬ yargs-parser@2.4.1
76 silly idealTree │ └── camelcase@3.0.0
76 silly idealTree ├─┬ yargs@6.6.0
76 silly idealTree │ ├── camelcase@3.0.0
76 silly idealTree │ └── yargs-parser@4.2.1
76 silly idealTree └── yauzl@2.4.1
77 silly generateActionsToTake Starting
78 silly install generateActionsToTake
79 warn checkPermissions Missing write access to /home/thachdi/3rd/MMANM/Ass/Ass1/node_modules/@chilkat
80 silly rollbackFailedOptional Starting
81 silly rollbackFailedOptional Finishing
82 silly runTopLevelLifecycles Starting
83 silly runTopLevelLifecycles Finishing
84 silly install printInstalled
85 verbose stack Error: EACCES: permission denied, access '/home/thachdi/3rd/MMANM/Ass/Ass1/node_modules/@chilkat'
85 verbose stack     at Error (native)
86 verbose cwd /home/thachdi/3rd/MMANM/Ass/Ass1
87 error Linux 4.15.0-46-generic
88 error argv "/usr/bin/nodejs" "/usr/bin/npm" "install" "@chilkat/ck-electron4-linux64"
89 error node v4.2.6
90 error npm  v3.5.2
91 error path /home/thachdi/3rd/MMANM/Ass/Ass1/node_modules/@chilkat
92 error code EACCES
93 error errno -13
94 error syscall access
95 error Error: EACCES: permission denied, access '/home/thachdi/3rd/MMANM/Ass/Ass1/node_modules/@chilkat'
95 error     at Error (native)
95 error  { [Error: EACCES: permission denied, access '/home/thachdi/3rd/MMANM/Ass/Ass1/node_modules/@chilkat']
95 error   errno: -13,
95 error   code: 'EACCES',
95 error   syscall: 'access',
95 error   path: '/home/thachdi/3rd/MMANM/Ass/Ass1/node_modules/@chilkat' }
96 error Please try running this command again as root/Administrator.
97 verbose exit [ -13, true ]
